ARM GAS  C:\Users\ryanc.HS\AppData\Local\Temp\ccAlGJZa.s 			page 1


   1              		.cpu cortex-m3
   2              		.eabi_attribute 20, 1
   3              		.eabi_attribute 21, 1
   4              		.eabi_attribute 23, 3
   5              		.eabi_attribute 24, 1
   6              		.eabi_attribute 25, 1
   7              		.eabi_attribute 26, 1
   8              		.eabi_attribute 30, 1
   9              		.eabi_attribute 34, 1
  10              		.eabi_attribute 18, 4
  11              		.file	"etc_eep.c"
  12              		.text
  13              	.Ltext0:
  14              		.cfi_sections	.debug_frame
  15              		.section	.text.GetFWRevEE,"ax",%progbits
  16              		.align	1
  17              		.global	GetFWRevEE
  18              		.arch armv7-m
  19              		.syntax unified
  20              		.thumb
  21              		.thumb_func
  22              		.fpu softvfp
  24              	GetFWRevEE:
  25              	.LFB68:
  26              		.file 1 "VS4210/etc_eep.c"
   1:VS4210/etc_eep.c **** /*****************************************************************************/
   2:VS4210/etc_eep.c **** /*                                                                           										*/
   3:VS4210/etc_eep.c **** /*  VS4210   MCU                    													*/
   4:VS4210/etc_eep.c **** /*                                                                           										*/
   5:VS4210/etc_eep.c **** /*  Etc_eep.c                                                            									*/
   6:VS4210/etc_eep.c **** /*                                                                           										*/
   7:VS4210/etc_eep.c **** /*****************************************************************************/
   8:VS4210/etc_eep.c **** 
   9:VS4210/etc_eep.c **** // eeprom.c
  10:VS4210/etc_eep.c **** #include "VXIS_Extern_Define.h"
  11:VS4210/etc_eep.c **** 
  12:VS4210/etc_eep.c **** #include "tpinc/Device_Rx.h"
  13:VS4210/etc_eep.c **** #include "tpinc/TP2802.h"
  14:VS4210/etc_eep.c **** #include "stdlib.h"
  15:VS4210/etc_eep.c **** #include "VX_swi2c.h"
  16:VS4210/etc_eep.c **** #include "VS4210.h"
  17:VS4210/etc_eep.c **** 
  18:VS4210/etc_eep.c **** //#include "Config.h"
  19:VS4210/etc_eep.c **** //#include "typedefs.h"
  20:VS4210/etc_eep.c **** #include "main.h"
  21:VS4210/etc_eep.c **** //#include "i2c.h"
  22:VS4210/etc_eep.c **** #include "printf.h"
  23:VS4210/etc_eep.c **** #include "etc_eep.h"
  24:VS4210/etc_eep.c **** #include "keyremo.h"
  25:VS4210/etc_eep.c **** 
  26:VS4210/etc_eep.c **** BYTE bytResetOSDValue = 0;
  27:VS4210/etc_eep.c **** 
  28:VS4210/etc_eep.c **** extern tByte DayNightLevel;
  29:VS4210/etc_eep.c **** extern BYTE AudioVol;
  30:VS4210/etc_eep.c **** extern BYTE Priority;
  31:VS4210/etc_eep.c **** extern BYTE OSD_LOCKF;
  32:VS4210/etc_eep.c **** extern BYTE SEQFlag;
ARM GAS  C:\Users\ryanc.HS\AppData\Local\Temp\ccAlGJZa.s 			page 2


  33:VS4210/etc_eep.c **** extern BYTE NowModeState;
  34:VS4210/etc_eep.c **** extern BYTE SelectModeType;
  35:VS4210/etc_eep.c **** extern BYTE MenuTouchSel;
  36:VS4210/etc_eep.c **** extern BYTE PreSelectModeType; // VS4210_LOOP_MODE1
  37:VS4210/etc_eep.c **** extern tByte VideoSave[4];
  38:VS4210/etc_eep.c **** extern BYTE Flisheye_CAM[4];
  39:VS4210/etc_eep.c **** #if (TPMSOSD == ON)
  40:VS4210/etc_eep.c **** extern BYTE TP_HIGH_PSI[6];
  41:VS4210/etc_eep.c **** extern BYTE TP_LOW_PSI[6];
  42:VS4210/etc_eep.c **** extern BYTE TP_HIGH_TEMP[6];
  43:VS4210/etc_eep.c **** #endif
  44:VS4210/etc_eep.c **** 
  45:VS4210/etc_eep.c **** extern BYTE bytGarbberLinerPosition;
  46:VS4210/etc_eep.c **** extern WORD bytSetGarbberLinerPosition;
  47:VS4210/etc_eep.c **** extern BYTE bytGarbberLinerWidth;
  48:VS4210/etc_eep.c **** extern BYTE mode[4];
  49:VS4210/etc_eep.c **** extern BYTE state[4];
  50:VS4210/etc_eep.c **** extern BYTE count[4];
  51:VS4210/etc_eep.c **** extern BYTE VideoChangeFlag;
  52:VS4210/etc_eep.c **** extern BYTE bytSelectCAMRD;
  53:VS4210/etc_eep.c **** extern BYTE bytDistanceGaugePosition;
  54:VS4210/etc_eep.c **** extern BYTE bytDistanceGaugeWidth;
  55:VS4210/etc_eep.c **** extern BYTE RUN_DIMMER;
  56:VS4210/etc_eep.c **** extern tByte bSignal[4];
  57:VS4210/etc_eep.c **** extern BYTE REV_ERROR;
  58:VS4210/etc_eep.c **** 
  59:VS4210/etc_eep.c **** #if 0
  60:VS4210/etc_eep.c **** void WriteEEP(WORD index, BYTE dat)
  61:VS4210/etc_eep.c **** {
  62:VS4210/etc_eep.c **** //	BYTE addr;
  63:VS4210/etc_eep.c **** 
  64:VS4210/etc_eep.c **** //	addr = (EEPROMI2CAddress | (index>>7)) & 0xfe;
  65:VS4210/etc_eep.c **** /*
  66:VS4210/etc_eep.c **** 	I2CStart();
  67:VS4210/etc_eep.c **** 	I2CWriteData(addr);
  68:VS4210/etc_eep.c **** 	I2CWriteData((BYTE)index);
  69:VS4210/etc_eep.c **** 	I2CWriteData(dat);
  70:VS4210/etc_eep.c **** 	I2CStop();
  71:VS4210/etc_eep.c **** */
  72:VS4210/etc_eep.c **** //	#ifdef DEBUG_EEP
  73:VS4210/etc_eep.c **** //		dPrintf("Write %02xh to [Adrs(%02xh)Index(%02xh)\r\n", (WORD)dat, (WORD)addr, (WORD)index );
  74:VS4210/etc_eep.c **** //	#endif
  75:VS4210/etc_eep.c **** 
  76:VS4210/etc_eep.c **** 	delay(2);
  77:VS4210/etc_eep.c **** }
  78:VS4210/etc_eep.c **** 
  79:VS4210/etc_eep.c **** BYTE ReadEEP(WORD index)
  80:VS4210/etc_eep.c **** {
  81:VS4210/etc_eep.c **** 	BYTE val=_FALSE;
  82:VS4210/etc_eep.c **** //	BYTE addr;
  83:VS4210/etc_eep.c **** 
  84:VS4210/etc_eep.c **** //	addr = (EEPROMI2CAddress | (index>>7)) & 0xfe;
  85:VS4210/etc_eep.c **** /*
  86:VS4210/etc_eep.c **** 	val = ReadI2C(addr,(BYTE)index);
  87:VS4210/etc_eep.c **** */
  88:VS4210/etc_eep.c **** //	#ifdef DEBUG_EEP
  89:VS4210/etc_eep.c **** //		dPrintf("Read [Adrs:%02xh,Index:%02xh] %02xh\r\n", (WORD)addr, (WORD)index, (WORD)val);
ARM GAS  C:\Users\ryanc.HS\AppData\Local\Temp\ccAlGJZa.s 			page 3


  90:VS4210/etc_eep.c **** //	#endif
  91:VS4210/etc_eep.c **** 	delay(2);
  92:VS4210/etc_eep.c **** 	return val;
  93:VS4210/etc_eep.c **** }
  94:VS4210/etc_eep.c **** #endif
  95:VS4210/etc_eep.c **** WORD GetFWRevEE()
  96:VS4210/etc_eep.c **** {
  27              		.loc 1 96 1 view -0
  28              		.cfi_startproc
  29              		@ args = 0, pretend = 0, frame = 0
  30              		@ frame_needed = 0, uses_anonymous_args = 0
  31 0000 10B5     		push	{r4, lr}
  32              	.LCFI0:
  33              		.cfi_def_cfa_offset 8
  34              		.cfi_offset 4, -8
  35              		.cfi_offset 14, -4
  97:VS4210/etc_eep.c **** 	WORD rev = 0;
  36              		.loc 1 97 2 view .LVU1
  37              	.LVL0:
  98:VS4210/etc_eep.c **** 
  99:VS4210/etc_eep.c **** 	if (ReadEEP(0) != '0')
  38              		.loc 1 99 2 view .LVU2
  39              		.loc 1 99 6 is_stmt 0 view .LVU3
  40 0002 0020     		movs	r0, #0
  41 0004 FFF7FEFF 		bl	ReadEEP
  42              	.LVL1:
  43              		.loc 1 99 5 view .LVU4
  44 0008 3028     		cmp	r0, #48
  45 000a 01D0     		beq	.L8
 100:VS4210/etc_eep.c **** 		return 0;
  46              		.loc 1 100 10 view .LVU5
  47 000c 0020     		movs	r0, #0
  48              	.LVL2:
  49              	.L1:
 101:VS4210/etc_eep.c **** 	if (ReadEEP(1) != '7')
 102:VS4210/etc_eep.c **** 		return 0;
 103:VS4210/etc_eep.c **** 	if (ReadEEP(2) != '2')
 104:VS4210/etc_eep.c **** 		return 0;
 105:VS4210/etc_eep.c **** 	if (ReadEEP(3) != 'Q')
 106:VS4210/etc_eep.c **** 		return 0;
 107:VS4210/etc_eep.c **** 
 108:VS4210/etc_eep.c **** 	rev = (ReadEEP(EEP_FWREV_MAJOR)) << 8;
 109:VS4210/etc_eep.c **** 	rev |= ReadEEP(EEP_FWREV_MINOR);
 110:VS4210/etc_eep.c **** 
 111:VS4210/etc_eep.c **** 	return rev;
 112:VS4210/etc_eep.c **** 	// return 0x0001;
 113:VS4210/etc_eep.c **** }
  50              		.loc 1 113 1 view .LVU6
  51 000e 10BD     		pop	{r4, pc}
  52              	.LVL3:
  53              	.L8:
 101:VS4210/etc_eep.c **** 	if (ReadEEP(1) != '7')
  54              		.loc 1 101 2 is_stmt 1 view .LVU7
 101:VS4210/etc_eep.c **** 	if (ReadEEP(1) != '7')
  55              		.loc 1 101 6 is_stmt 0 view .LVU8
  56 0010 0120     		movs	r0, #1
  57 0012 FFF7FEFF 		bl	ReadEEP
ARM GAS  C:\Users\ryanc.HS\AppData\Local\Temp\ccAlGJZa.s 			page 4


  58              	.LVL4:
 101:VS4210/etc_eep.c **** 	if (ReadEEP(1) != '7')
  59              		.loc 1 101 5 view .LVU9
  60 0016 3728     		cmp	r0, #55
  61 0018 01D0     		beq	.L9
 102:VS4210/etc_eep.c **** 	if (ReadEEP(2) != '2')
  62              		.loc 1 102 10 view .LVU10
  63 001a 0020     		movs	r0, #0
  64 001c F7E7     		b	.L1
  65              	.L9:
 103:VS4210/etc_eep.c **** 		return 0;
  66              		.loc 1 103 2 is_stmt 1 view .LVU11
 103:VS4210/etc_eep.c **** 		return 0;
  67              		.loc 1 103 6 is_stmt 0 view .LVU12
  68 001e 0220     		movs	r0, #2
  69 0020 FFF7FEFF 		bl	ReadEEP
  70              	.LVL5:
 103:VS4210/etc_eep.c **** 		return 0;
  71              		.loc 1 103 5 view .LVU13
  72 0024 3228     		cmp	r0, #50
  73 0026 01D0     		beq	.L10
 104:VS4210/etc_eep.c **** 	if (ReadEEP(3) != 'Q')
  74              		.loc 1 104 10 view .LVU14
  75 0028 0020     		movs	r0, #0
  76 002a F0E7     		b	.L1
  77              	.L10:
 105:VS4210/etc_eep.c **** 		return 0;
  78              		.loc 1 105 2 is_stmt 1 view .LVU15
 105:VS4210/etc_eep.c **** 		return 0;
  79              		.loc 1 105 6 is_stmt 0 view .LVU16
  80 002c 0320     		movs	r0, #3
  81 002e FFF7FEFF 		bl	ReadEEP
  82              	.LVL6:
 105:VS4210/etc_eep.c **** 		return 0;
  83              		.loc 1 105 5 view .LVU17
  84 0032 5128     		cmp	r0, #81
  85 0034 01D0     		beq	.L11
 106:VS4210/etc_eep.c **** 
  86              		.loc 1 106 10 view .LVU18
  87 0036 0020     		movs	r0, #0
  88 0038 E9E7     		b	.L1
  89              	.L11:
 108:VS4210/etc_eep.c **** 	rev |= ReadEEP(EEP_FWREV_MINOR);
  90              		.loc 1 108 2 is_stmt 1 view .LVU19
 108:VS4210/etc_eep.c **** 	rev |= ReadEEP(EEP_FWREV_MINOR);
  91              		.loc 1 108 9 is_stmt 0 view .LVU20
  92 003a 0420     		movs	r0, #4
  93 003c FFF7FEFF 		bl	ReadEEP
  94              	.LVL7:
 108:VS4210/etc_eep.c **** 	rev |= ReadEEP(EEP_FWREV_MINOR);
  95              		.loc 1 108 35 view .LVU21
  96 0040 0402     		lsls	r4, r0, #8
  97              	.LVL8:
 109:VS4210/etc_eep.c **** 
  98              		.loc 1 109 2 is_stmt 1 view .LVU22
 109:VS4210/etc_eep.c **** 
  99              		.loc 1 109 9 is_stmt 0 view .LVU23
ARM GAS  C:\Users\ryanc.HS\AppData\Local\Temp\ccAlGJZa.s 			page 5


 100 0042 0520     		movs	r0, #5
 101 0044 FFF7FEFF 		bl	ReadEEP
 102              	.LVL9:
 109:VS4210/etc_eep.c **** 
 103              		.loc 1 109 6 view .LVU24
 104 0048 2043     		orrs	r0, r0, r4
 105              	.LVL10:
 111:VS4210/etc_eep.c **** 	// return 0x0001;
 106              		.loc 1 111 2 is_stmt 1 view .LVU25
 111:VS4210/etc_eep.c **** 	// return 0x0001;
 107              		.loc 1 111 9 is_stmt 0 view .LVU26
 108 004a E0E7     		b	.L1
 109              		.cfi_endproc
 110              	.LFE68:
 112              		.section	.text.SaveFWRevEE,"ax",%progbits
 113              		.align	1
 114              		.global	SaveFWRevEE
 115              		.syntax unified
 116              		.thumb
 117              		.thumb_func
 118              		.fpu softvfp
 120              	SaveFWRevEE:
 121              	.LVL11:
 122              	.LFB69:
 114:VS4210/etc_eep.c **** 
 115:VS4210/etc_eep.c **** void SaveFWRevEE(WORD rev)
 116:VS4210/etc_eep.c **** {
 123              		.loc 1 116 1 is_stmt 1 view -0
 124              		.cfi_startproc
 125              		@ args = 0, pretend = 0, frame = 0
 126              		@ frame_needed = 0, uses_anonymous_args = 0
 127              		.loc 1 116 1 is_stmt 0 view .LVU28
 128 0000 10B5     		push	{r4, lr}
 129              	.LCFI1:
 130              		.cfi_def_cfa_offset 8
 131              		.cfi_offset 4, -8
 132              		.cfi_offset 14, -4
 133 0002 0446     		mov	r4, r0
 117:VS4210/etc_eep.c **** 	WriteEEP(0, '0');
 134              		.loc 1 117 2 is_stmt 1 view .LVU29
 135 0004 3021     		movs	r1, #48
 136 0006 0020     		movs	r0, #0
 137              	.LVL12:
 138              		.loc 1 117 2 is_stmt 0 view .LVU30
 139 0008 FFF7FEFF 		bl	WriteEEP
 140              	.LVL13:
 118:VS4210/etc_eep.c **** 	WriteEEP(1, '7');
 141              		.loc 1 118 2 is_stmt 1 view .LVU31
 142 000c 3721     		movs	r1, #55
 143 000e 0120     		movs	r0, #1
 144 0010 FFF7FEFF 		bl	WriteEEP
 145              	.LVL14:
 119:VS4210/etc_eep.c **** 	WriteEEP(2, '2');
 146              		.loc 1 119 2 view .LVU32
 147 0014 3221     		movs	r1, #50
 148 0016 0220     		movs	r0, #2
 149 0018 FFF7FEFF 		bl	WriteEEP
ARM GAS  C:\Users\ryanc.HS\AppData\Local\Temp\ccAlGJZa.s 			page 6


 150              	.LVL15:
 120:VS4210/etc_eep.c **** 	WriteEEP(3, 'Q');
 151              		.loc 1 120 2 view .LVU33
 152 001c 5121     		movs	r1, #81
 153 001e 0320     		movs	r0, #3
 154 0020 FFF7FEFF 		bl	WriteEEP
 155              	.LVL16:
 121:VS4210/etc_eep.c **** 	WriteEEP(EEP_FWREV_MAJOR, (BYTE)(rev >> 8));
 156              		.loc 1 121 2 view .LVU34
 157 0024 C4F30721 		ubfx	r1, r4, #8, #8
 158 0028 0420     		movs	r0, #4
 159 002a FFF7FEFF 		bl	WriteEEP
 160              	.LVL17:
 122:VS4210/etc_eep.c **** 	WriteEEP(EEP_FWREV_MINOR, (BYTE)rev);
 161              		.loc 1 122 2 view .LVU35
 162 002e E1B2     		uxtb	r1, r4
 163 0030 0520     		movs	r0, #5
 164 0032 FFF7FEFF 		bl	WriteEEP
 165              	.LVL18:
 123:VS4210/etc_eep.c **** }
 166              		.loc 1 123 1 is_stmt 0 view .LVU36
 167 0036 10BD     		pop	{r4, pc}
 168              		.loc 1 123 1 view .LVU37
 169              		.cfi_endproc
 170              	.LFE69:
 172              		.section	.text.GetDebugLevelEE,"ax",%progbits
 173              		.align	1
 174              		.global	GetDebugLevelEE
 175              		.syntax unified
 176              		.thumb
 177              		.thumb_func
 178              		.fpu softvfp
 180              	GetDebugLevelEE:
 181              	.LFB70:
 124:VS4210/etc_eep.c **** 
 125:VS4210/etc_eep.c **** #if 0 /// (_DEBUG_MESSAGE_Monitor==ON)
 126:VS4210/etc_eep.c **** 
 127:VS4210/etc_eep.c **** void SaveDebugLevelEE(BYTE dl)
 128:VS4210/etc_eep.c **** {
 129:VS4210/etc_eep.c **** 	WriteEEP(EEP_DEBUGLEVEL, dl);
 130:VS4210/etc_eep.c **** }
 131:VS4210/etc_eep.c **** #endif
 132:VS4210/etc_eep.c **** 
 133:VS4210/etc_eep.c **** BYTE GetDebugLevelEE(void)
 134:VS4210/etc_eep.c **** {
 182              		.loc 1 134 1 is_stmt 1 view -0
 183              		.cfi_startproc
 184              		@ args = 0, pretend = 0, frame = 0
 185              		@ frame_needed = 0, uses_anonymous_args = 0
 186 0000 08B5     		push	{r3, lr}
 187              	.LCFI2:
 188              		.cfi_def_cfa_offset 8
 189              		.cfi_offset 3, -8
 190              		.cfi_offset 14, -4
 135:VS4210/etc_eep.c **** 	return ReadEEP(EEP_DEBUGLEVEL);
 191              		.loc 1 135 2 view .LVU39
 192              		.loc 1 135 9 is_stmt 0 view .LVU40
ARM GAS  C:\Users\ryanc.HS\AppData\Local\Temp\ccAlGJZa.s 			page 7


 193 0002 0720     		movs	r0, #7
 194 0004 FFF7FEFF 		bl	ReadEEP
 195              	.LVL19:
 136:VS4210/etc_eep.c **** }
 196              		.loc 1 136 1 view .LVU41
 197 0008 08BD     		pop	{r3, pc}
 198              		.cfi_endproc
 199              	.LFE70:
 201              		.section	.rodata.ResetOSDValue.str1.4,"aMS",%progbits,1
 202              		.align	2
 203              	.LC0:
 204 0000 0D0A5265 		.ascii	"\015\012Reset OSD Data..\000"
 204      73657420 
 204      4F534420 
 204      44617461 
 204      2E2E00
 205 0013 00       		.align	2
 206              	.LC1:
 207 0014 0D0A456E 		.ascii	"\015\012End Reset OSD Data\000"
 207      64205265 
 207      73657420 
 207      4F534420 
 207      44617461 
 208              		.section	.text.ResetOSDValue,"ax",%progbits
 209              		.align	1
 210              		.global	ResetOSDValue
 211              		.syntax unified
 212              		.thumb
 213              		.thumb_func
 214              		.fpu softvfp
 216              	ResetOSDValue:
 217              	.LFB71:
 137:VS4210/etc_eep.c **** 
 138:VS4210/etc_eep.c **** //===================================================================
 139:VS4210/etc_eep.c **** void ResetOSDValue(void)
 140:VS4210/etc_eep.c **** {
 218              		.loc 1 140 1 is_stmt 1 view -0
 219              		.cfi_startproc
 220              		@ args = 0, pretend = 0, frame = 0
 221              		@ frame_needed = 0, uses_anonymous_args = 0
 222 0000 38B5     		push	{r3, r4, r5, lr}
 223              	.LCFI3:
 224              		.cfi_def_cfa_offset 16
 225              		.cfi_offset 3, -16
 226              		.cfi_offset 4, -12
 227              		.cfi_offset 5, -8
 228              		.cfi_offset 14, -4
 141:VS4210/etc_eep.c **** 	bytResetOSDValue = 1;
 229              		.loc 1 141 2 view .LVU43
 230              		.loc 1 141 19 is_stmt 0 view .LVU44
 231 0002 0124     		movs	r4, #1
 232 0004 964B     		ldr	r3, .L23
 233 0006 1C70     		strb	r4, [r3]
 142:VS4210/etc_eep.c **** 
 143:VS4210/etc_eep.c **** 	Printf("\r\nReset OSD Data..");
 234              		.loc 1 143 2 is_stmt 1 view .LVU45
 235 0008 9648     		ldr	r0, .L23+4
ARM GAS  C:\Users\ryanc.HS\AppData\Local\Temp\ccAlGJZa.s 			page 8


 236 000a FFF7FEFF 		bl	Printf
 237              	.LVL20:
 144:VS4210/etc_eep.c **** 
 145:VS4210/etc_eep.c **** 	// BackLightOFF();
 146:VS4210/etc_eep.c **** 
 147:VS4210/etc_eep.c **** 	WriteEEP(EEP_AutoMode, 0x00); // Auto Day&Night...... OFF
 238              		.loc 1 147 2 view .LVU46
 239 000e 0021     		movs	r1, #0
 240 0010 A020     		movs	r0, #160
 241 0012 FFF7FEFF 		bl	WriteEEP
 242              	.LVL21:
 148:VS4210/etc_eep.c **** 
 149:VS4210/etc_eep.c **** 	WriteEEP(EEP_CONTRAST, 50);
 243              		.loc 1 149 2 view .LVU47
 244 0016 3221     		movs	r1, #50
 245 0018 1220     		movs	r0, #18
 246 001a FFF7FEFF 		bl	WriteEEP
 247              	.LVL22:
 150:VS4210/etc_eep.c **** 	WriteEEP(EEP_BRIGHTNESS, 50);
 248              		.loc 1 150 2 view .LVU48
 249 001e 3221     		movs	r1, #50
 250 0020 1320     		movs	r0, #19
 251 0022 FFF7FEFF 		bl	WriteEEP
 252              	.LVL23:
 151:VS4210/etc_eep.c **** 	WriteEEP(EEP_SATURATION_U, 50);
 253              		.loc 1 151 2 view .LVU49
 254 0026 3221     		movs	r1, #50
 255 0028 1420     		movs	r0, #20
 256 002a FFF7FEFF 		bl	WriteEEP
 257              	.LVL24:
 152:VS4210/etc_eep.c **** 	WriteEEP(EEP_SHARPNESS, 50);
 258              		.loc 1 152 2 view .LVU50
 259 002e 3221     		movs	r1, #50
 260 0030 1620     		movs	r0, #22
 261 0032 FFF7FEFF 		bl	WriteEEP
 262              	.LVL25:
 153:VS4210/etc_eep.c **** 	WriteEEP(EEP_HUE, 50);
 263              		.loc 1 153 2 view .LVU51
 264 0036 3221     		movs	r1, #50
 265 0038 1720     		movs	r0, #23
 266 003a FFF7FEFF 		bl	WriteEEP
 267              	.LVL26:
 154:VS4210/etc_eep.c **** 	WriteEEP(EEP_BACKLIGHT, 100);
 268              		.loc 1 154 2 view .LVU52
 269 003e 6421     		movs	r1, #100
 270 0040 1820     		movs	r0, #24
 271 0042 FFF7FEFF 		bl	WriteEEP
 272              	.LVL27:
 155:VS4210/etc_eep.c **** 
 156:VS4210/etc_eep.c **** 	// WriteEEP(EEP_PRIORITY,0);
 157:VS4210/etc_eep.c **** 	DayNightLevel = ReadEEP(EEP_AutoMode);
 273              		.loc 1 157 2 view .LVU53
 274              		.loc 1 157 18 is_stmt 0 view .LVU54
 275 0046 A020     		movs	r0, #160
 276 0048 FFF7FEFF 		bl	ReadEEP
 277              	.LVL28:
 278              		.loc 1 157 16 view .LVU55
ARM GAS  C:\Users\ryanc.HS\AppData\Local\Temp\ccAlGJZa.s 			page 9


 279 004c 864B     		ldr	r3, .L23+8
 280 004e 1870     		strb	r0, [r3]
 158:VS4210/etc_eep.c **** 	WriteEEP(EEP_IMAGEMode, 0x00);	// IMAGEMode..... SINGLE
 281              		.loc 1 158 2 is_stmt 1 view .LVU56
 282 0050 0021     		movs	r1, #0
 283 0052 A120     		movs	r0, #161
 284 0054 FFF7FEFF 		bl	WriteEEP
 285              	.LVL29:
 159:VS4210/etc_eep.c **** 	WriteEEP(EEP_RearMode, 0x00);	// RearMode...... R
 286              		.loc 1 159 2 view .LVU57
 287 0058 0021     		movs	r1, #0
 288 005a A220     		movs	r0, #162
 289 005c FFF7FEFF 		bl	WriteEEP
 290              	.LVL30:
 160:VS4210/etc_eep.c **** 	WriteEEP(EEP_TriggerVGA, 0x00); // trigger vga...... on
 291              		.loc 1 160 2 view .LVU58
 292 0060 0021     		movs	r1, #0
 293 0062 BA20     		movs	r0, #186
 294 0064 FFF7FEFF 		bl	WriteEEP
 295              	.LVL31:
 161:VS4210/etc_eep.c **** 	WriteEEP(EEP_GAUGEMode, 0x01);	// ­Ë¨®OSD....... ON
 296              		.loc 1 161 2 view .LVU59
 297 0068 2146     		mov	r1, r4
 298 006a A420     		movs	r0, #164
 299 006c FFF7FEFF 		bl	WriteEEP
 300              	.LVL32:
 162:VS4210/etc_eep.c **** 	WriteEEP(EEP_Powerflag, 0x01);	// POWER FLAG....... ON
 301              		.loc 1 162 2 view .LVU60
 302 0070 2146     		mov	r1, r4
 303 0072 AB20     		movs	r0, #171
 304 0074 FFF7FEFF 		bl	WriteEEP
 305              	.LVL33:
 163:VS4210/etc_eep.c **** 	WriteEEP(EEP_COSDMode, 0x01);	// Display OSD... ON
 306              		.loc 1 163 2 view .LVU61
 307 0078 2146     		mov	r1, r4
 308 007a A320     		movs	r0, #163
 309 007c FFF7FEFF 		bl	WriteEEP
 310              	.LVL34:
 164:VS4210/etc_eep.c **** 	WriteEEP(EEP_DVRDisplay, 0x00); // DVR Display OSD... ON
 311              		.loc 1 164 2 view .LVU62
 312 0080 0021     		movs	r1, #0
 313 0082 BB20     		movs	r0, #187
 314 0084 FFF7FEFF 		bl	WriteEEP
 315              	.LVL35:
 165:VS4210/etc_eep.c **** 	WriteEEP(EEP_CAMAMode, 0x00);	// MirrorA....... OFF
 316              		.loc 1 165 2 view .LVU63
 317 0088 0021     		movs	r1, #0
 318 008a A520     		movs	r0, #165
 319 008c FFF7FEFF 		bl	WriteEEP
 320              	.LVL36:
 166:VS4210/etc_eep.c **** 	WriteEEP(EEP_CAMBMode, 0x00);	// MirrorB....... OFF
 321              		.loc 1 166 2 view .LVU64
 322 0090 0021     		movs	r1, #0
 323 0092 A620     		movs	r0, #166
 324 0094 FFF7FEFF 		bl	WriteEEP
 325              	.LVL37:
 167:VS4210/etc_eep.c **** 	WriteEEP(EEP_CAMCMode, 0x00);	// MirrorC....... OFF
ARM GAS  C:\Users\ryanc.HS\AppData\Local\Temp\ccAlGJZa.s 			page 10


 326              		.loc 1 167 2 view .LVU65
 327 0098 0021     		movs	r1, #0
 328 009a A720     		movs	r0, #167
 329 009c FFF7FEFF 		bl	WriteEEP
 330              	.LVL38:
 168:VS4210/etc_eep.c **** 	WriteEEP(EEP_CAMRMode, 0x01);	// MirrorR....... ON
 331              		.loc 1 168 2 view .LVU66
 332 00a0 2146     		mov	r1, r4
 333 00a2 A820     		movs	r0, #168
 334 00a4 FFF7FEFF 		bl	WriteEEP
 335              	.LVL39:
 169:VS4210/etc_eep.c **** 	WriteEEP(EEP_CAMDMode, 0x01);	// MirrorD....... ON
 336              		.loc 1 169 2 view .LVU67
 337 00a8 2146     		mov	r1, r4
 338 00aa 1920     		movs	r0, #25
 339 00ac FFF7FEFF 		bl	WriteEEP
 340              	.LVL40:
 170:VS4210/etc_eep.c **** 
 171:VS4210/etc_eep.c **** 	WriteEEP(EEP_AUDIOPVOL, 50); // AudioVol
 341              		.loc 1 171 2 view .LVU68
 342 00b0 3221     		movs	r1, #50
 343 00b2 3820     		movs	r0, #56
 344 00b4 FFF7FEFF 		bl	WriteEEP
 345              	.LVL41:
 172:VS4210/etc_eep.c **** 
 173:VS4210/etc_eep.c **** 	WriteEEP(EEP_ONOFFChoice, 0x00); // osd lock oFF
 346              		.loc 1 173 2 view .LVU69
 347 00b8 0021     		movs	r1, #0
 348 00ba AC20     		movs	r0, #172
 349 00bc FFF7FEFF 		bl	WriteEEP
 350              	.LVL42:
 174:VS4210/etc_eep.c **** 	WriteEEP(EEP_MenuTouch, 0x00);	 // Menu Touch select....... OFF
 351              		.loc 1 174 2 view .LVU70
 352 00c0 0021     		movs	r1, #0
 353 00c2 2020     		movs	r0, #32
 354 00c4 FFF7FEFF 		bl	WriteEEP
 355              	.LVL43:
 175:VS4210/etc_eep.c **** 
 176:VS4210/etc_eep.c **** 	WriteEEP(EEP_Auto_Sleeping, 0x00); // Auto sleeping=OFF
 356              		.loc 1 176 2 view .LVU71
 357 00c8 0021     		movs	r1, #0
 358 00ca BF20     		movs	r0, #191
 359 00cc FFF7FEFF 		bl	WriteEEP
 360              	.LVL44:
 177:VS4210/etc_eep.c **** 	WriteEEP(EEP_Triple_Screen_Type, 1);
 361              		.loc 1 177 2 view .LVU72
 362 00d0 2146     		mov	r1, r4
 363 00d2 2020     		movs	r0, #32
 364 00d4 FFF7FEFF 		bl	WriteEEP
 365              	.LVL45:
 178:VS4210/etc_eep.c **** 
 179:VS4210/etc_eep.c **** 	WriteEEP(EEP_Distance_Gauge_Position, 5);
 366              		.loc 1 179 2 view .LVU73
 367 00d8 0521     		movs	r1, #5
 368 00da 2120     		movs	r0, #33
 369 00dc FFF7FEFF 		bl	WriteEEP
 370              	.LVL46:
ARM GAS  C:\Users\ryanc.HS\AppData\Local\Temp\ccAlGJZa.s 			page 11


 180:VS4210/etc_eep.c **** 	WriteEEP(EEP_Distance_Gauge_Width, 5);
 371              		.loc 1 180 2 view .LVU74
 372 00e0 0521     		movs	r1, #5
 373 00e2 2220     		movs	r0, #34
 374 00e4 FFF7FEFF 		bl	WriteEEP
 375              	.LVL47:
 181:VS4210/etc_eep.c **** 	bytDistanceGaugePosition = 5;
 376              		.loc 1 181 2 view .LVU75
 377              		.loc 1 181 27 is_stmt 0 view .LVU76
 378 00e8 0523     		movs	r3, #5
 379 00ea 604A     		ldr	r2, .L23+12
 380 00ec 1370     		strb	r3, [r2]
 182:VS4210/etc_eep.c **** 	bytDistanceGaugeWidth = 5;
 381              		.loc 1 182 2 is_stmt 1 view .LVU77
 382              		.loc 1 182 24 is_stmt 0 view .LVU78
 383 00ee 604A     		ldr	r2, .L23+16
 384 00f0 1370     		strb	r3, [r2]
 183:VS4210/etc_eep.c **** 
 184:VS4210/etc_eep.c **** 	WriteEEP(EEP_Grabber_Liner, OFF); // default OFF
 385              		.loc 1 184 2 is_stmt 1 view .LVU79
 386 00f2 0021     		movs	r1, #0
 387 00f4 2320     		movs	r0, #35
 388 00f6 FFF7FEFF 		bl	WriteEEP
 389              	.LVL48:
 185:VS4210/etc_eep.c **** 	WriteEEP(EEP_Grabber_Liner_Position, 55 + 2 /*44-4*/);
 390              		.loc 1 185 2 view .LVU80
 391 00fa 3921     		movs	r1, #57
 392 00fc 2520     		movs	r0, #37
 393 00fe FFF7FEFF 		bl	WriteEEP
 394              	.LVL49:
 186:VS4210/etc_eep.c **** 	WriteEEP(EEP_Grabber_Liner_Width, 1);
 395              		.loc 1 186 2 view .LVU81
 396 0102 2146     		mov	r1, r4
 397 0104 2420     		movs	r0, #36
 398 0106 FFF7FEFF 		bl	WriteEEP
 399              	.LVL50:
 187:VS4210/etc_eep.c **** 
 188:VS4210/etc_eep.c **** 	bytGarbberLinerWidth = 1;
 400              		.loc 1 188 2 view .LVU82
 401              		.loc 1 188 23 is_stmt 0 view .LVU83
 402 010a 5A4B     		ldr	r3, .L23+20
 403 010c 1C70     		strb	r4, [r3]
 189:VS4210/etc_eep.c **** 	bytGarbberLinerPosition = 40;
 404              		.loc 1 189 2 is_stmt 1 view .LVU84
 405              		.loc 1 189 26 is_stmt 0 view .LVU85
 406 010e 5A4B     		ldr	r3, .L23+24
 407 0110 2822     		movs	r2, #40
 408 0112 1A70     		strb	r2, [r3]
 190:VS4210/etc_eep.c **** 
 191:VS4210/etc_eep.c **** 	MenuTouchSel = 0;
 409              		.loc 1 191 2 is_stmt 1 view .LVU86
 410              		.loc 1 191 15 is_stmt 0 view .LVU87
 411 0114 0024     		movs	r4, #0
 412 0116 594B     		ldr	r3, .L23+28
 413 0118 1C70     		strb	r4, [r3]
 192:VS4210/etc_eep.c **** 
 193:VS4210/etc_eep.c **** 	RUN_DIMMER = 0;
ARM GAS  C:\Users\ryanc.HS\AppData\Local\Temp\ccAlGJZa.s 			page 12


 414              		.loc 1 193 2 is_stmt 1 view .LVU88
 415              		.loc 1 193 13 is_stmt 0 view .LVU89
 416 011a 594B     		ldr	r3, .L23+32
 417 011c 1C70     		strb	r4, [r3]
 194:VS4210/etc_eep.c **** 
 195:VS4210/etc_eep.c **** 	AudioVol = 50;
 418              		.loc 1 195 2 is_stmt 1 view .LVU90
 419              		.loc 1 195 11 is_stmt 0 view .LVU91
 420 011e 3221     		movs	r1, #50
 421 0120 584B     		ldr	r3, .L23+36
 422 0122 1970     		strb	r1, [r3]
 196:VS4210/etc_eep.c **** 	//  ChangeVol(0);
 197:VS4210/etc_eep.c **** 	WriteEEP(EEP_PCAUDIOPVOL, 50);
 423              		.loc 1 197 2 is_stmt 1 view .LVU92
 424 0124 3720     		movs	r0, #55
 425 0126 FFF7FEFF 		bl	WriteEEP
 426              	.LVL51:
 198:VS4210/etc_eep.c **** 	WriteEEP(EEP_AudioRecord, 0x03); // dvr audio channel
 427              		.loc 1 198 2 view .LVU93
 428 012a 0321     		movs	r1, #3
 429 012c B220     		movs	r0, #178
 430 012e FFF7FEFF 		bl	WriteEEP
 431              	.LVL52:
 199:VS4210/etc_eep.c **** 
 200:VS4210/etc_eep.c **** 	WriteEEP(EEP_IMAGE_A_Mode, 0x00);
 432              		.loc 1 200 2 view .LVU94
 433 0132 2146     		mov	r1, r4
 434 0134 BC20     		movs	r0, #188
 435 0136 FFF7FEFF 		bl	WriteEEP
 436              	.LVL53:
 201:VS4210/etc_eep.c **** 	WriteEEP(EEP_IMAGE_B_Mode, 0x00);
 437              		.loc 1 201 2 view .LVU95
 438 013a 2146     		mov	r1, r4
 439 013c BD20     		movs	r0, #189
 440 013e FFF7FEFF 		bl	WriteEEP
 441              	.LVL54:
 202:VS4210/etc_eep.c **** 	WriteEEP(EEP_IMAGE_C_Mode, 0x00);
 442              		.loc 1 202 2 view .LVU96
 443 0142 2146     		mov	r1, r4
 444 0144 BE20     		movs	r0, #190
 445 0146 FFF7FEFF 		bl	WriteEEP
 446              	.LVL55:
 203:VS4210/etc_eep.c **** 
 204:VS4210/etc_eep.c **** 	WriteEEP(EEP_DELAYCAMA, 0x02); // DELAY CAM A....... 2
 447              		.loc 1 204 2 view .LVU97
 448 014a 0221     		movs	r1, #2
 449 014c C020     		movs	r0, #192
 450 014e FFF7FEFF 		bl	WriteEEP
 451              	.LVL56:
 205:VS4210/etc_eep.c **** 	WriteEEP(EEP_DELAYCAMB, 0x02); // DELAY CAM B....... 2
 452              		.loc 1 205 2 view .LVU98
 453 0152 0221     		movs	r1, #2
 454 0154 C120     		movs	r0, #193
 455 0156 FFF7FEFF 		bl	WriteEEP
 456              	.LVL57:
 206:VS4210/etc_eep.c **** 	WriteEEP(EEP_DELAYCAMC, 0x02); // DELAY CAM C....... 2
 457              		.loc 1 206 2 view .LVU99
ARM GAS  C:\Users\ryanc.HS\AppData\Local\Temp\ccAlGJZa.s 			page 13


 458 015a 0221     		movs	r1, #2
 459 015c C220     		movs	r0, #194
 460 015e FFF7FEFF 		bl	WriteEEP
 461              	.LVL58:
 207:VS4210/etc_eep.c **** 	WriteEEP(EEP_DELAYCAMR, 0x02); // DELAY CAM R....... 2
 462              		.loc 1 207 2 view .LVU100
 463 0162 0221     		movs	r1, #2
 464 0164 C320     		movs	r0, #195
 465 0166 FFF7FEFF 		bl	WriteEEP
 466              	.LVL59:
 208:VS4210/etc_eep.c **** 	WriteEEP(EEP_DELAYCAMD, 0x02); // DELAY CAM D....... 2
 467              		.loc 1 208 2 view .LVU101
 468 016a 0221     		movs	r1, #2
 469 016c C420     		movs	r0, #196
 470 016e FFF7FEFF 		bl	WriteEEP
 471              	.LVL60:
 209:VS4210/etc_eep.c **** 
 210:VS4210/etc_eep.c **** 	if (Priority == ON) // on
 472              		.loc 1 210 2 view .LVU102
 473              		.loc 1 210 15 is_stmt 0 view .LVU103
 474 0172 454B     		ldr	r3, .L23+40
 475 0174 1B78     		ldrb	r3, [r3]	@ zero_extendqisi2
 476              		.loc 1 210 5 view .LVU104
 477 0176 012B     		cmp	r3, #1
 478 0178 60D0     		beq	.L21
 211:VS4210/etc_eep.c **** 	{
 212:VS4210/etc_eep.c **** 		WriteEEP(EEP_JUMPMode, 0);		 // JUMPMode...... QUAL
 213:VS4210/etc_eep.c **** 		WriteEEP(EEP_ONOFFChoice, 0x00); // OSD	lock....... off
 214:VS4210/etc_eep.c **** 		OSD_LOCKF = 0;
 215:VS4210/etc_eep.c **** 	}
 216:VS4210/etc_eep.c **** 	else
 217:VS4210/etc_eep.c **** 	{
 218:VS4210/etc_eep.c **** 		WriteEEP(EEP_JUMPMode, 13);		 // JUMPMode...... CAM R
 479              		.loc 1 218 3 is_stmt 1 view .LVU105
 480 017a 0D21     		movs	r1, #13
 481 017c AE20     		movs	r0, #174
 482 017e FFF7FEFF 		bl	WriteEEP
 483              	.LVL61:
 219:VS4210/etc_eep.c **** 		WriteEEP(EEP_ONOFFChoice, 0x01); // OSD	lock....... ON
 484              		.loc 1 219 3 view .LVU106
 485 0182 0121     		movs	r1, #1
 486 0184 AC20     		movs	r0, #172
 487 0186 FFF7FEFF 		bl	WriteEEP
 488              	.LVL62:
 220:VS4210/etc_eep.c **** 		OSD_LOCKF = 1;
 489              		.loc 1 220 3 view .LVU107
 490              		.loc 1 220 13 is_stmt 0 view .LVU108
 491 018a 404B     		ldr	r3, .L23+44
 492 018c 0122     		movs	r2, #1
 493 018e 1A70     		strb	r2, [r3]
 494              	.L18:
 221:VS4210/etc_eep.c **** 	}
 222:VS4210/etc_eep.c **** #if (RECALL_SORUCE_RESET == ON)
 223:VS4210/etc_eep.c **** 	// TP2824 video data reset
 224:VS4210/etc_eep.c **** 	WriteEEP(EEP_TP2824_STD0, 0xFF);
 225:VS4210/etc_eep.c **** 	WriteEEP(EEP_TP2824_MODE0, 0xFF);
 226:VS4210/etc_eep.c **** 	WriteEEP(EEP_TP2824_STD1, 0xFF);
ARM GAS  C:\Users\ryanc.HS\AppData\Local\Temp\ccAlGJZa.s 			page 14


 227:VS4210/etc_eep.c **** 	WriteEEP(EEP_TP2824_MODE1, 0xFF);
 228:VS4210/etc_eep.c **** 	WriteEEP(EEP_TP2824_STD2, 0xFF);
 229:VS4210/etc_eep.c **** 	WriteEEP(EEP_TP2824_MODE2, 0xFF);
 230:VS4210/etc_eep.c **** 	WriteEEP(EEP_TP2824_STD3, 0xFF);
 231:VS4210/etc_eep.c **** 	WriteEEP(EEP_TP2824_MODE3, 0xFF);
 232:VS4210/etc_eep.c **** 	WriteEEP(EEP_TP2824_STD4, 0xFF);
 233:VS4210/etc_eep.c **** 	WriteEEP(EEP_TP2824_MODE4, 0xFF);
 234:VS4210/etc_eep.c **** 
 235:VS4210/etc_eep.c **** 	// WriteEEP(EEP_JUMPMode,0);
 236:VS4210/etc_eep.c **** 
 237:VS4210/etc_eep.c **** 	WriteEEP(EEP_TP2824_STD0 + (0 * 3) + 2, 0);
 238:VS4210/etc_eep.c **** 	WriteEEP(EEP_TP2824_STD0 + (1 * 3) + 2, 0);
 239:VS4210/etc_eep.c **** 	WriteEEP(EEP_TP2824_STD0 + (2 * 3) + 2, 0);
 240:VS4210/etc_eep.c **** 	WriteEEP(EEP_TP2824_STD0 + (3 * 3) + 2, 0);
 241:VS4210/etc_eep.c **** 	WriteEEP(EEP_TP2824_STD0 + (4 * 3) + 2, 0);
 242:VS4210/etc_eep.c **** 
 243:VS4210/etc_eep.c **** 	VideoSave[0] = 0;
 244:VS4210/etc_eep.c **** 	VideoSave[1] = 0;
 245:VS4210/etc_eep.c **** 	VideoSave[2] = 0;
 246:VS4210/etc_eep.c **** 	VideoSave[3] = 0;
 247:VS4210/etc_eep.c **** #endif
 248:VS4210/etc_eep.c **** 
 249:VS4210/etc_eep.c **** 	WriteEEP(EEP_FlishCAM1, 0);
 495              		.loc 1 249 2 is_stmt 1 view .LVU109
 496 0190 0021     		movs	r1, #0
 497 0192 D820     		movs	r0, #216
 498 0194 FFF7FEFF 		bl	WriteEEP
 499              	.LVL63:
 250:VS4210/etc_eep.c **** 	WriteEEP(EEP_FlishCAM2, 0);
 500              		.loc 1 250 2 view .LVU110
 501 0198 0021     		movs	r1, #0
 502 019a D920     		movs	r0, #217
 503 019c FFF7FEFF 		bl	WriteEEP
 504              	.LVL64:
 251:VS4210/etc_eep.c **** 	WriteEEP(EEP_FlishCAM3, 0);
 505              		.loc 1 251 2 view .LVU111
 506 01a0 0021     		movs	r1, #0
 507 01a2 DA20     		movs	r0, #218
 508 01a4 FFF7FEFF 		bl	WriteEEP
 509              	.LVL65:
 252:VS4210/etc_eep.c **** 	WriteEEP(EEP_FlishCAM4, 0);
 510              		.loc 1 252 2 view .LVU112
 511 01a8 0021     		movs	r1, #0
 512 01aa DB20     		movs	r0, #219
 513 01ac FFF7FEFF 		bl	WriteEEP
 514              	.LVL66:
 253:VS4210/etc_eep.c **** 
 254:VS4210/etc_eep.c **** 	Flisheye_CAM[0] = 0;
 515              		.loc 1 254 2 view .LVU113
 516              		.loc 1 254 18 is_stmt 0 view .LVU114
 517 01b0 374B     		ldr	r3, .L23+48
 518 01b2 0024     		movs	r4, #0
 519 01b4 1C70     		strb	r4, [r3]
 255:VS4210/etc_eep.c **** 	Flisheye_CAM[1] = 0;
 520              		.loc 1 255 2 is_stmt 1 view .LVU115
 521              		.loc 1 255 18 is_stmt 0 view .LVU116
 522 01b6 5C70     		strb	r4, [r3, #1]
ARM GAS  C:\Users\ryanc.HS\AppData\Local\Temp\ccAlGJZa.s 			page 15


 256:VS4210/etc_eep.c **** 	Flisheye_CAM[2] = 0;
 523              		.loc 1 256 2 is_stmt 1 view .LVU117
 524              		.loc 1 256 18 is_stmt 0 view .LVU118
 525 01b8 9C70     		strb	r4, [r3, #2]
 257:VS4210/etc_eep.c **** 	Flisheye_CAM[3] = 0;
 526              		.loc 1 257 2 is_stmt 1 view .LVU119
 527              		.loc 1 257 18 is_stmt 0 view .LVU120
 528 01ba DC70     		strb	r4, [r3, #3]
 258:VS4210/etc_eep.c **** 
 259:VS4210/etc_eep.c **** #if (RECALL_SORUCE_RESET == ON)
 260:VS4210/etc_eep.c **** 
 261:VS4210/etc_eep.c **** 	mode[0] = 0x07;
 262:VS4210/etc_eep.c **** 	mode[1] = 0x07;
 263:VS4210/etc_eep.c **** 	mode[2] = 0x07;
 264:VS4210/etc_eep.c **** 	mode[3] = 0x07;
 265:VS4210/etc_eep.c **** 
 266:VS4210/etc_eep.c **** 	state[0] = 3;
 267:VS4210/etc_eep.c **** 	state[1] = 3;
 268:VS4210/etc_eep.c **** 	state[2] = 3;
 269:VS4210/etc_eep.c **** 	state[3] = 3;
 270:VS4210/etc_eep.c **** 
 271:VS4210/etc_eep.c **** 	count[0] = 0;
 272:VS4210/etc_eep.c **** 	count[1] = 0;
 273:VS4210/etc_eep.c **** 	count[2] = 0;
 274:VS4210/etc_eep.c **** 	count[3] = 0;
 275:VS4210/etc_eep.c **** #endif
 276:VS4210/etc_eep.c **** 	//	 Set_VidRes(0);
 277:VS4210/etc_eep.c **** 	//	 Set_VidRes(1);
 278:VS4210/etc_eep.c **** 	//	 Set_VidRes(2);
 279:VS4210/etc_eep.c **** 	//	 Set_VidRes(3);
 280:VS4210/etc_eep.c **** 	BackLightOFF();
 529              		.loc 1 280 2 is_stmt 1 view .LVU121
 530 01bc FFF7FEFF 		bl	BackLightOFF
 531              	.LVL67:
 281:VS4210/etc_eep.c **** /*
 282:VS4210/etc_eep.c **** 	 VS4210_Rx_NoSignal(0) ;
 283:VS4210/etc_eep.c **** 	 VS4210_Rx_NoSignal(1) ;
 284:VS4210/etc_eep.c **** 	 VS4210_Rx_NoSignal(2) ;
 285:VS4210/etc_eep.c **** 	 VS4210_Rx_NoSignal(3) ;
 286:VS4210/etc_eep.c **** */
 287:VS4210/etc_eep.c **** #if (RECALL_SORUCE_RESET == ON)
 288:VS4210/etc_eep.c **** 
 289:VS4210/etc_eep.c **** 	gbVXIS_InputMode[0] = _OSD_No_Signal;
 290:VS4210/etc_eep.c **** 	gbVXIS_InputMode[1] = _OSD_No_Signal;
 291:VS4210/etc_eep.c **** 	gbVXIS_InputMode[2] = _OSD_No_Signal;
 292:VS4210/etc_eep.c **** 	gbVXIS_InputMode[3] = _OSD_No_Signal;
 293:VS4210/etc_eep.c **** 
 294:VS4210/etc_eep.c **** 	bSignal[0] = 0;
 295:VS4210/etc_eep.c **** 	bSignal[1] = 0;
 296:VS4210/etc_eep.c **** 	bSignal[2] = 0;
 297:VS4210/etc_eep.c **** 	bSignal[3] = 0;
 298:VS4210/etc_eep.c **** #endif
 299:VS4210/etc_eep.c **** 
 300:VS4210/etc_eep.c **** #if (TPMSOSD == ON)
 301:VS4210/etc_eep.c **** 
 302:VS4210/etc_eep.c **** 	TPMS_Default_Setting();
 303:VS4210/etc_eep.c **** /*
ARM GAS  C:\Users\ryanc.HS\AppData\Local\Temp\ccAlGJZa.s 			page 16


 304:VS4210/etc_eep.c **** 	   WriteEEP(EEP_TIRE1_High_PSI,TIRE_HIGH_PSI);
 305:VS4210/etc_eep.c **** 	   WriteEEP(EEP_TIRE1_Low_PSI,TIRE_LOW_PSI);
 306:VS4210/etc_eep.c **** 	   WriteEEP(EEP_TIRE1_High_Temp,TIRE_HIGH_TEMP);
 307:VS4210/etc_eep.c **** 
 308:VS4210/etc_eep.c **** 	   WriteEEP(EEP_TIRE2_High_PSI,TIRE_HIGH_PSI);
 309:VS4210/etc_eep.c **** 	   WriteEEP(EEP_TIRE2_Low_PSI,TIRE_LOW_PSI);
 310:VS4210/etc_eep.c **** 	   WriteEEP(EEP_TIRE2_High_Temp,TIRE_HIGH_TEMP);
 311:VS4210/etc_eep.c **** 
 312:VS4210/etc_eep.c **** 	   WriteEEP(EEP_TIRE3_High_PSI,TIRE_HIGH_PSI);
 313:VS4210/etc_eep.c **** 	   WriteEEP(EEP_TIRE3_Low_PSI,TIRE_LOW_PSI);
 314:VS4210/etc_eep.c **** 	   WriteEEP(EEP_TIRE3_High_Temp,TIRE_HIGH_TEMP);
 315:VS4210/etc_eep.c **** 
 316:VS4210/etc_eep.c **** 	   WriteEEP(EEP_TIRE4_High_PSI,TIRE_HIGH_PSI);
 317:VS4210/etc_eep.c **** 	   WriteEEP(EEP_TIRE4_Low_PSI,TIRE_LOW_PSI);
 318:VS4210/etc_eep.c **** 	   WriteEEP(EEP_TIRE4_High_Temp,TIRE_HIGH_TEMP);
 319:VS4210/etc_eep.c **** 
 320:VS4210/etc_eep.c **** 	   WriteEEP(EEP_TIRE5_High_PSI,TIRE_HIGH_PSI);
 321:VS4210/etc_eep.c **** 	   WriteEEP(EEP_TIRE5_Low_PSI,TIRE_LOW_PSI);
 322:VS4210/etc_eep.c **** 	   WriteEEP(EEP_TIRE5_High_Temp,TIRE_HIGH_TEMP);
 323:VS4210/etc_eep.c **** 
 324:VS4210/etc_eep.c **** 	   WriteEEP(EEP_TIRE6_High_PSI,TIRE_HIGH_PSI);
 325:VS4210/etc_eep.c **** 	   WriteEEP(EEP_TIRE6_Low_PSI,TIRE_LOW_PSI);
 326:VS4210/etc_eep.c **** 	   WriteEEP(EEP_TIRE6_High_Temp,TIRE_HIGH_TEMP);
 327:VS4210/etc_eep.c **** */
 328:VS4210/etc_eep.c **** /*
 329:VS4210/etc_eep.c **** 	   TP_HIGH_PSI[0]=TIRE_HIGH_PSI;
 330:VS4210/etc_eep.c **** 	   TP_HIGH_PSI[1]=TIRE_HIGH_PSI;
 331:VS4210/etc_eep.c **** 	   TP_HIGH_PSI[2]=TIRE_HIGH_PSI;
 332:VS4210/etc_eep.c **** 	   TP_HIGH_PSI[3]=TIRE_HIGH_PSI;
 333:VS4210/etc_eep.c **** 	   TP_HIGH_PSI[4]=TIRE_HIGH_PSI;
 334:VS4210/etc_eep.c **** 	   TP_HIGH_PSI[5]=TIRE_HIGH_PSI;
 335:VS4210/etc_eep.c **** 
 336:VS4210/etc_eep.c **** 	   TP_LOW_PSI[0]=TIRE_LOW_PSI;
 337:VS4210/etc_eep.c **** 	   TP_LOW_PSI[1]=TIRE_LOW_PSI;
 338:VS4210/etc_eep.c **** 	   TP_LOW_PSI[2]=TIRE_LOW_PSI;
 339:VS4210/etc_eep.c **** 	   TP_LOW_PSI[3]=TIRE_LOW_PSI;
 340:VS4210/etc_eep.c **** 	   TP_LOW_PSI[4]=TIRE_LOW_PSI;
 341:VS4210/etc_eep.c **** 	   TP_LOW_PSI[5]=TIRE_LOW_PSI;
 342:VS4210/etc_eep.c **** 
 343:VS4210/etc_eep.c **** 	   TP_HIGH_TEMP[0]=TIRE_HIGH_TEMP;
 344:VS4210/etc_eep.c **** 	   TP_HIGH_TEMP[1]=TIRE_HIGH_TEMP;
 345:VS4210/etc_eep.c **** 	   TP_HIGH_TEMP[2]=TIRE_HIGH_TEMP;
 346:VS4210/etc_eep.c **** 	   TP_HIGH_TEMP[3]=TIRE_HIGH_TEMP;
 347:VS4210/etc_eep.c **** 	   TP_HIGH_TEMP[4]=TIRE_HIGH_TEMP;
 348:VS4210/etc_eep.c **** 	   TP_HIGH_TEMP[5]=TIRE_HIGH_TEMP;
 349:VS4210/etc_eep.c **** 	   */
 350:VS4210/etc_eep.c **** #endif
 351:VS4210/etc_eep.c **** 	SEQFlag = 0;
 532              		.loc 1 351 2 view .LVU122
 533              		.loc 1 351 10 is_stmt 0 view .LVU123
 534 01c0 344B     		ldr	r3, .L23+52
 535 01c2 1C70     		strb	r4, [r3]
 352:VS4210/etc_eep.c **** 	//#ifdef AWT_ML072S
 353:VS4210/etc_eep.c **** 	//	   WriteEEP(EEP_TimeStep,0x03); 	 // TimerStep.....02
 354:VS4210/etc_eep.c **** 	//#else
 355:VS4210/etc_eep.c **** 	WriteEEP(EEP_TimeStep, 0x02);	// TimerStep.....02
 536              		.loc 1 355 2 is_stmt 1 view .LVU124
ARM GAS  C:\Users\ryanc.HS\AppData\Local\Temp\ccAlGJZa.s 			page 17


 537 01c4 0221     		movs	r1, #2
 538 01c6 AA20     		movs	r0, #170
 539 01c8 FFF7FEFF 		bl	WriteEEP
 540              	.LVL68:
 356:VS4210/etc_eep.c **** 									//#endif
 357:VS4210/etc_eep.c **** 	WriteEEP(EEP_CAMOutMode, 0x00); // CAMOut........ QUAL
 541              		.loc 1 357 2 view .LVU125
 542 01cc 2146     		mov	r1, r4
 543 01ce A920     		movs	r0, #169
 544 01d0 FFF7FEFF 		bl	WriteEEP
 545              	.LVL69:
 358:VS4210/etc_eep.c **** 									//	   CAMOutDSel( 0x00 );	///V1.1 02/27/07 simonsung
 359:VS4210/etc_eep.c **** 									//	   TW2835Cmd("\n\rmode 0\n\r");
 360:VS4210/etc_eep.c **** 
 361:VS4210/etc_eep.c **** 	//	   ClearDataCnt(INPUTINFO_ADDR, 51);   //william-980416
 362:VS4210/etc_eep.c **** 
 363:VS4210/etc_eep.c **** 	LoadEEPROM();
 546              		.loc 1 363 2 view .LVU126
 547 01d4 FFF7FEFF 		bl	LoadEEPROM
 548              	.LVL70:
 364:VS4210/etc_eep.c **** 
 365:VS4210/etc_eep.c **** 	NowModeState = SelectMode;
 549              		.loc 1 365 2 view .LVU127
 550              		.loc 1 365 15 is_stmt 0 view .LVU128
 551 01d8 2F4B     		ldr	r3, .L23+56
 552 01da 1C70     		strb	r4, [r3]
 366:VS4210/etc_eep.c **** 	SelectModeType = CAM_A;
 553              		.loc 1 366 2 is_stmt 1 view .LVU129
 554              		.loc 1 366 17 is_stmt 0 view .LVU130
 555 01dc 2F4D     		ldr	r5, .L23+60
 556 01de 2C70     		strb	r4, [r5]
 367:VS4210/etc_eep.c **** 
 368:VS4210/etc_eep.c **** 	WriteEEP(EEP_NowModeState, SelectMode);
 557              		.loc 1 368 2 is_stmt 1 view .LVU131
 558 01e0 2146     		mov	r1, r4
 559 01e2 AF20     		movs	r0, #175
 560 01e4 FFF7FEFF 		bl	WriteEEP
 561              	.LVL71:
 369:VS4210/etc_eep.c **** 
 370:VS4210/etc_eep.c **** 	WriteEEP(EEP_SelectMode, SelectModeType);
 562              		.loc 1 370 2 view .LVU132
 563 01e8 2978     		ldrb	r1, [r5]	@ zero_extendqisi2
 564 01ea B020     		movs	r0, #176
 565 01ec FFF7FEFF 		bl	WriteEEP
 566              	.LVL72:
 371:VS4210/etc_eep.c **** 
 372:VS4210/etc_eep.c **** 	CloseOSDMenu();
 567              		.loc 1 372 2 view .LVU133
 568 01f0 FFF7FEFF 		bl	CloseOSDMenu
 569              	.LVL73:
 373:VS4210/etc_eep.c **** 
 374:VS4210/etc_eep.c **** 	//	 setloopoutmode(SelectModeType) ;
 375:VS4210/etc_eep.c **** 
 376:VS4210/etc_eep.c **** 	LoadVideoData();
 570              		.loc 1 376 2 view .LVU134
 571 01f4 FFF7FEFF 		bl	LoadVideoData
 572              	.LVL74:
ARM GAS  C:\Users\ryanc.HS\AppData\Local\Temp\ccAlGJZa.s 			page 18


 377:VS4210/etc_eep.c **** 
 378:VS4210/etc_eep.c **** #if (StartPowerBlackScreen == ON)
 379:VS4210/etc_eep.c **** 	user_pwm_setvalue(GetBackLightLevel());
 573              		.loc 1 379 2 view .LVU135
 574              		.loc 1 379 20 is_stmt 0 view .LVU136
 575 01f8 FFF7FEFF 		bl	GetBackLightLevel
 576              	.LVL75:
 577              		.loc 1 379 2 view .LVU137
 578 01fc 80B2     		uxth	r0, r0
 579 01fe FFF7FEFF 		bl	user_pwm_setvalue
 580              	.LVL76:
 380:VS4210/etc_eep.c **** #endif
 381:VS4210/etc_eep.c **** 
 382:VS4210/etc_eep.c **** 	PreSelectModeType = 12;
 581              		.loc 1 382 2 is_stmt 1 view .LVU138
 582              		.loc 1 382 20 is_stmt 0 view .LVU139
 583 0202 274B     		ldr	r3, .L23+64
 584 0204 0C22     		movs	r2, #12
 585 0206 1A70     		strb	r2, [r3]
 383:VS4210/etc_eep.c **** 
 384:VS4210/etc_eep.c **** #if (RECALL_SORUCE_RESET == ON)
 385:VS4210/etc_eep.c **** 	Init_TP280x_RegSet();
 386:VS4210/etc_eep.c **** #endif
 387:VS4210/etc_eep.c **** 
 388:VS4210/etc_eep.c **** #if (RECALL_SORUCE_RESET == OFF)
 389:VS4210/etc_eep.c **** 	/// Only Reset CAM D video..
 390:VS4210/etc_eep.c **** 	// Printf("\r\n(CAM D Reset START)");
 391:VS4210/etc_eep.c **** 	WriteEEP(EEP_TP2824_STD4, 0xFF);
 586              		.loc 1 391 2 is_stmt 1 view .LVU140
 587 0208 FF21     		movs	r1, #255
 588 020a D320     		movs	r0, #211
 589 020c FFF7FEFF 		bl	WriteEEP
 590              	.LVL77:
 392:VS4210/etc_eep.c **** 	WriteEEP(EEP_TP2824_MODE4, 0xFF);
 591              		.loc 1 392 2 view .LVU141
 592 0210 FF21     		movs	r1, #255
 593 0212 D420     		movs	r0, #212
 594 0214 FFF7FEFF 		bl	WriteEEP
 595              	.LVL78:
 393:VS4210/etc_eep.c **** 	WriteEEP(EEP_TP2824_SAVE4, 0xFF);
 596              		.loc 1 393 2 view .LVU142
 597 0218 FF21     		movs	r1, #255
 598 021a D520     		movs	r0, #213
 599 021c FFF7FEFF 		bl	WriteEEP
 600              	.LVL79:
 394:VS4210/etc_eep.c **** 	if (REV_ERROR == 0)
 601              		.loc 1 394 2 view .LVU143
 602              		.loc 1 394 16 is_stmt 0 view .LVU144
 603 0220 204B     		ldr	r3, .L23+68
 604 0222 1B78     		ldrb	r3, [r3]	@ zero_extendqisi2
 605              		.loc 1 394 5 view .LVU145
 606 0224 ABB1     		cbz	r3, .L22
 607              	.L19:
 395:VS4210/etc_eep.c **** 	{
 396:VS4210/etc_eep.c **** 		SETChannelReset(3);
 397:VS4210/etc_eep.c **** 
 398:VS4210/etc_eep.c **** 		CheckCAMDInputVideo(4);
ARM GAS  C:\Users\ryanc.HS\AppData\Local\Temp\ccAlGJZa.s 			page 19


 399:VS4210/etc_eep.c **** 	}
 400:VS4210/etc_eep.c **** 	// Printf("\r\n(CAM D Reset END)");
 401:VS4210/etc_eep.c **** #endif
 402:VS4210/etc_eep.c **** 	// setloopoutmode(VS4210_LOOP_MODE0_w4);  //display CAM D
 403:VS4210/etc_eep.c **** 	SetNowMode();
 608              		.loc 1 403 2 is_stmt 1 view .LVU146
 609 0226 FFF7FEFF 		bl	SetNowMode
 610              	.LVL80:
 404:VS4210/etc_eep.c **** 
 405:VS4210/etc_eep.c **** #if (RECALL_SORUCE_RESET == ON)
 406:VS4210/etc_eep.c **** 	CheckCAMDInputVideo(4);
 407:VS4210/etc_eep.c **** 
 408:VS4210/etc_eep.c **** 	mode[3] = 0x07;
 409:VS4210/etc_eep.c **** 	state[3] = 0;
 410:VS4210/etc_eep.c **** 	count[3] = 0;
 411:VS4210/etc_eep.c **** 	VideoSave[3] = 0;
 412:VS4210/etc_eep.c **** 	SETChannelReset(3);
 413:VS4210/etc_eep.c **** 
 414:VS4210/etc_eep.c **** 	CheckCAMDInputVideo(3);
 415:VS4210/etc_eep.c **** 
 416:VS4210/etc_eep.c **** #endif
 417:VS4210/etc_eep.c **** 	MCUTimerActiveTimerEvent(SEC(0.5), _USER_TIMER_EVENT_BACKLIGHT_ON);
 611              		.loc 1 417 2 view .LVU147
 612 022a 1321     		movs	r1, #19
 613 022c 4FF4FA70 		mov	r0, #500
 614 0230 FFF7FEFF 		bl	MCUTimerActiveTimerEvent
 615              	.LVL81:
 418:VS4210/etc_eep.c **** 
 419:VS4210/etc_eep.c **** 	Printf("\r\nEnd Reset OSD Data");
 616              		.loc 1 419 2 view .LVU148
 617 0234 1C48     		ldr	r0, .L23+72
 618 0236 FFF7FEFF 		bl	Printf
 619              	.LVL82:
 420:VS4210/etc_eep.c **** }
 620              		.loc 1 420 1 is_stmt 0 view .LVU149
 621 023a 38BD     		pop	{r3, r4, r5, pc}
 622              	.L21:
 212:VS4210/etc_eep.c **** 		WriteEEP(EEP_ONOFFChoice, 0x00); // OSD	lock....... off
 623              		.loc 1 212 3 is_stmt 1 view .LVU150
 624 023c 2146     		mov	r1, r4
 625 023e AE20     		movs	r0, #174
 626 0240 FFF7FEFF 		bl	WriteEEP
 627              	.LVL83:
 213:VS4210/etc_eep.c **** 		OSD_LOCKF = 0;
 628              		.loc 1 213 3 view .LVU151
 629 0244 2146     		mov	r1, r4
 630 0246 AC20     		movs	r0, #172
 631 0248 FFF7FEFF 		bl	WriteEEP
 632              	.LVL84:
 214:VS4210/etc_eep.c **** 	}
 633              		.loc 1 214 3 view .LVU152
 214:VS4210/etc_eep.c **** 	}
 634              		.loc 1 214 13 is_stmt 0 view .LVU153
 635 024c 0F4B     		ldr	r3, .L23+44
 636 024e 1C70     		strb	r4, [r3]
 637 0250 9EE7     		b	.L18
 638              	.L22:
ARM GAS  C:\Users\ryanc.HS\AppData\Local\Temp\ccAlGJZa.s 			page 20


 396:VS4210/etc_eep.c **** 
 639              		.loc 1 396 3 is_stmt 1 view .LVU154
 640 0252 0320     		movs	r0, #3
 641 0254 FFF7FEFF 		bl	SETChannelReset
 642              	.LVL85:
 398:VS4210/etc_eep.c **** 	}
 643              		.loc 1 398 3 view .LVU155
 644 0258 0420     		movs	r0, #4
 645 025a FFF7FEFF 		bl	CheckCAMDInputVideo
 646              	.LVL86:
 647 025e E2E7     		b	.L19
 648              	.L24:
 649              		.align	2
 650              	.L23:
 651 0260 00000000 		.word	.LANCHOR0
 652 0264 00000000 		.word	.LC0
 653 0268 00000000 		.word	DayNightLevel
 654 026c 00000000 		.word	bytDistanceGaugePosition
 655 0270 00000000 		.word	bytDistanceGaugeWidth
 656 0274 00000000 		.word	bytGarbberLinerWidth
 657 0278 00000000 		.word	bytGarbberLinerPosition
 658 027c 00000000 		.word	MenuTouchSel
 659 0280 00000000 		.word	RUN_DIMMER
 660 0284 00000000 		.word	AudioVol
 661 0288 00000000 		.word	Priority
 662 028c 00000000 		.word	OSD_LOCKF
 663 0290 00000000 		.word	Flisheye_CAM
 664 0294 00000000 		.word	SEQFlag
 665 0298 00000000 		.word	NowModeState
 666 029c 00000000 		.word	SelectModeType
 667 02a0 00000000 		.word	PreSelectModeType
 668 02a4 00000000 		.word	REV_ERROR
 669 02a8 14000000 		.word	.LC1
 670              		.cfi_endproc
 671              	.LFE71:
 673              		.section	.rodata.ClearBasicEE.str1.4,"aMS",%progbits,1
 674              		.align	2
 675              	.LC2:
 676 0000 0D0A436C 		.ascii	"\015\012ClearBasicEE...\000"
 676      65617242 
 676      61736963 
 676      45452E2E 
 676      2E00
 677              		.section	.text.ClearBasicEE,"ax",%progbits
 678              		.align	1
 679              		.global	ClearBasicEE
 680              		.syntax unified
 681              		.thumb
 682              		.thumb_func
 683              		.fpu softvfp
 685              	ClearBasicEE:
 686              	.LFB72:
 421:VS4210/etc_eep.c **** 
 422:VS4210/etc_eep.c **** void ClearBasicEE(void)
 423:VS4210/etc_eep.c **** {
 687              		.loc 1 423 1 view -0
 688              		.cfi_startproc
ARM GAS  C:\Users\ryanc.HS\AppData\Local\Temp\ccAlGJZa.s 			page 21


 689              		@ args = 0, pretend = 0, frame = 0
 690              		@ frame_needed = 0, uses_anonymous_args = 0
 691 0000 08B5     		push	{r3, lr}
 692              	.LCFI4:
 693              		.cfi_def_cfa_offset 8
 694              		.cfi_offset 3, -8
 695              		.cfi_offset 14, -4
 424:VS4210/etc_eep.c **** 
 425:VS4210/etc_eep.c **** 	Printf("\r\nClearBasicEE...");
 696              		.loc 1 425 2 view .LVU157
 697 0002 0648     		ldr	r0, .L27
 698 0004 FFF7FEFF 		bl	Printf
 699              	.LVL87:
 426:VS4210/etc_eep.c **** 
 427:VS4210/etc_eep.c **** 	WriteEEP(EEP_PRIORITY, 0x01); // PRIORITY.........OFF	Andy-980602
 700              		.loc 1 427 2 view .LVU158
 701 0008 0121     		movs	r1, #1
 702 000a AD20     		movs	r0, #173
 703 000c FFF7FEFF 		bl	WriteEEP
 704              	.LVL88:
 428:VS4210/etc_eep.c **** 	Priority = 1;
 705              		.loc 1 428 2 view .LVU159
 706              		.loc 1 428 11 is_stmt 0 view .LVU160
 707 0010 034B     		ldr	r3, .L27+4
 708 0012 0122     		movs	r2, #1
 709 0014 1A70     		strb	r2, [r3]
 429:VS4210/etc_eep.c **** 
 430:VS4210/etc_eep.c **** 	//	SaveVInputStdDetectModeEE(0);	// AUTO
 431:VS4210/etc_eep.c **** 	//	WriteEEP(EEP_CCD, 0);	// CC = OFF
 432:VS4210/etc_eep.c **** 
 433:VS4210/etc_eep.c **** 	ResetOSDValue(); // Pinchi 20150212 enable
 710              		.loc 1 433 2 is_stmt 1 view .LVU161
 711 0016 FFF7FEFF 		bl	ResetOSDValue
 712              	.LVL89:
 434:VS4210/etc_eep.c **** 
 435:VS4210/etc_eep.c **** 	//	ResetVideoValue();
 436:VS4210/etc_eep.c **** 
 437:VS4210/etc_eep.c **** 	/*
 438:VS4210/etc_eep.c **** 		WriteEEP(EEP_Powerflag,ON);
 439:VS4210/etc_eep.c **** 
 440:VS4210/etc_eep.c **** 		WriteEEP(EEP_CameraVolt, 14);  //7.6V
 441:VS4210/etc_eep.c **** 
 442:VS4210/etc_eep.c **** 		WriteEEP(EEP_DEBUGLEVEL,OFF);
 443:VS4210/etc_eep.c **** 
 444:VS4210/etc_eep.c **** 		WriteEEP(EEP_DC12_PWR_START, OFF);
 445:VS4210/etc_eep.c **** 	*/
 446:VS4210/etc_eep.c **** }
 713              		.loc 1 446 1 is_stmt 0 view .LVU162
 714 001a 08BD     		pop	{r3, pc}
 715              	.L28:
 716              		.align	2
 717              	.L27:
 718 001c 00000000 		.word	.LC2
 719 0020 00000000 		.word	Priority
 720              		.cfi_endproc
 721              	.LFE72:
 723              		.section	.text.GetAudioVolEE,"ax",%progbits
ARM GAS  C:\Users\ryanc.HS\AppData\Local\Temp\ccAlGJZa.s 			page 22


 724              		.align	1
 725              		.global	GetAudioVolEE
 726              		.syntax unified
 727              		.thumb
 728              		.thumb_func
 729              		.fpu softvfp
 731              	GetAudioVolEE:
 732              	.LFB73:
 447:VS4210/etc_eep.c **** 
 448:VS4210/etc_eep.c **** //=========  Audio =================================================
 449:VS4210/etc_eep.c **** BYTE GetAudioVolEE(void)
 450:VS4210/etc_eep.c **** {
 733              		.loc 1 450 1 is_stmt 1 view -0
 734              		.cfi_startproc
 735              		@ args = 0, pretend = 0, frame = 0
 736              		@ frame_needed = 0, uses_anonymous_args = 0
 737 0000 08B5     		push	{r3, lr}
 738              	.LCFI5:
 739              		.cfi_def_cfa_offset 8
 740              		.cfi_offset 3, -8
 741              		.cfi_offset 14, -4
 451:VS4210/etc_eep.c **** 	return ReadEEP(EEP_AUDIOPVOL);
 742              		.loc 1 451 2 view .LVU164
 743              		.loc 1 451 9 is_stmt 0 view .LVU165
 744 0002 3820     		movs	r0, #56
 745 0004 FFF7FEFF 		bl	ReadEEP
 746              	.LVL90:
 452:VS4210/etc_eep.c **** }
 747              		.loc 1 452 1 view .LVU166
 748 0008 08BD     		pop	{r3, pc}
 749              		.cfi_endproc
 750              	.LFE73:
 752              		.section	.text.SetAudioVolEE,"ax",%progbits
 753              		.align	1
 754              		.global	SetAudioVolEE
 755              		.syntax unified
 756              		.thumb
 757              		.thumb_func
 758              		.fpu softvfp
 760              	SetAudioVolEE:
 761              	.LVL91:
 762              	.LFB74:
 453:VS4210/etc_eep.c **** 
 454:VS4210/etc_eep.c **** void SetAudioVolEE(BYTE vol)
 455:VS4210/etc_eep.c **** {
 763              		.loc 1 455 1 is_stmt 1 view -0
 764              		.cfi_startproc
 765              		@ args = 0, pretend = 0, frame = 0
 766              		@ frame_needed = 0, uses_anonymous_args = 0
 767              		.loc 1 455 1 is_stmt 0 view .LVU168
 768 0000 08B5     		push	{r3, lr}
 769              	.LCFI6:
 770              		.cfi_def_cfa_offset 8
 771              		.cfi_offset 3, -8
 772              		.cfi_offset 14, -4
 773 0002 0146     		mov	r1, r0
 456:VS4210/etc_eep.c **** 	WriteEEP(EEP_AUDIOPVOL, vol);
ARM GAS  C:\Users\ryanc.HS\AppData\Local\Temp\ccAlGJZa.s 			page 23


 774              		.loc 1 456 2 is_stmt 1 view .LVU169
 775 0004 3820     		movs	r0, #56
 776              	.LVL92:
 777              		.loc 1 456 2 is_stmt 0 view .LVU170
 778 0006 FFF7FEFF 		bl	WriteEEP
 779              	.LVL93:
 457:VS4210/etc_eep.c **** }
 780              		.loc 1 457 1 view .LVU171
 781 000a 08BD     		pop	{r3, pc}
 782              		.cfi_endproc
 783              	.LFE74:
 785              		.section	.text.GetPCAudioVolEE,"ax",%progbits
 786              		.align	1
 787              		.global	GetPCAudioVolEE
 788              		.syntax unified
 789              		.thumb
 790              		.thumb_func
 791              		.fpu softvfp
 793              	GetPCAudioVolEE:
 794              	.LFB75:
 458:VS4210/etc_eep.c **** 
 459:VS4210/etc_eep.c **** BYTE GetPCAudioVolEE(void)
 460:VS4210/etc_eep.c **** {
 795              		.loc 1 460 1 is_stmt 1 view -0
 796              		.cfi_startproc
 797              		@ args = 0, pretend = 0, frame = 0
 798              		@ frame_needed = 0, uses_anonymous_args = 0
 799 0000 08B5     		push	{r3, lr}
 800              	.LCFI7:
 801              		.cfi_def_cfa_offset 8
 802              		.cfi_offset 3, -8
 803              		.cfi_offset 14, -4
 461:VS4210/etc_eep.c **** 	return ReadEEP(EEP_PCAUDIOPVOL);
 804              		.loc 1 461 2 view .LVU173
 805              		.loc 1 461 9 is_stmt 0 view .LVU174
 806 0002 3720     		movs	r0, #55
 807 0004 FFF7FEFF 		bl	ReadEEP
 808              	.LVL94:
 462:VS4210/etc_eep.c **** }
 809              		.loc 1 462 1 view .LVU175
 810 0008 08BD     		pop	{r3, pc}
 811              		.cfi_endproc
 812              	.LFE75:
 814              		.section	.text.SetPCAudioVolEE,"ax",%progbits
 815              		.align	1
 816              		.global	SetPCAudioVolEE
 817              		.syntax unified
 818              		.thumb
 819              		.thumb_func
 820              		.fpu softvfp
 822              	SetPCAudioVolEE:
 823              	.LVL95:
 824              	.LFB76:
 463:VS4210/etc_eep.c **** void SetPCAudioVolEE(BYTE vol)
 464:VS4210/etc_eep.c **** {
 825              		.loc 1 464 1 is_stmt 1 view -0
 826              		.cfi_startproc
ARM GAS  C:\Users\ryanc.HS\AppData\Local\Temp\ccAlGJZa.s 			page 24


 827              		@ args = 0, pretend = 0, frame = 0
 828              		@ frame_needed = 0, uses_anonymous_args = 0
 829              		.loc 1 464 1 is_stmt 0 view .LVU177
 830 0000 08B5     		push	{r3, lr}
 831              	.LCFI8:
 832              		.cfi_def_cfa_offset 8
 833              		.cfi_offset 3, -8
 834              		.cfi_offset 14, -4
 835 0002 0146     		mov	r1, r0
 465:VS4210/etc_eep.c **** 	WriteEEP(EEP_PCAUDIOPVOL, vol);
 836              		.loc 1 465 2 is_stmt 1 view .LVU178
 837 0004 3720     		movs	r0, #55
 838              	.LVL96:
 839              		.loc 1 465 2 is_stmt 0 view .LVU179
 840 0006 FFF7FEFF 		bl	WriteEEP
 841              	.LVL97:
 466:VS4210/etc_eep.c **** }
 842              		.loc 1 466 1 view .LVU180
 843 000a 08BD     		pop	{r3, pc}
 844              		.cfi_endproc
 845              	.LFE76:
 847              		.global	bytResetOSDValue
 848              		.section	.bss.bytResetOSDValue,"aw",%nobits
 849              		.set	.LANCHOR0,. + 0
 852              	bytResetOSDValue:
 853 0000 00       		.space	1
 854              		.text
 855              	.Letext0:
 856              		.file 2 "c:\\program files (x86)\\gnu tools arm embedded\\9 2019-q4-major\\arm-none-eabi\\include\
 857              		.file 3 "c:\\program files (x86)\\gnu tools arm embedded\\9 2019-q4-major\\arm-none-eabi\\include\
 858              		.file 4 "c:\\program files (x86)\\gnu tools arm embedded\\9 2019-q4-major\\arm-none-eabi\\include\
 859              		.file 5 "c:\\program files (x86)\\gnu tools arm embedded\\9 2019-q4-major\\lib\\gcc\\arm-none-eabi
 860              		.file 6 "c:\\program files (x86)\\gnu tools arm embedded\\9 2019-q4-major\\arm-none-eabi\\include\
 861              		.file 7 "c:\\program files (x86)\\gnu tools arm embedded\\9 2019-q4-major\\arm-none-eabi\\include\
 862              		.file 8 "VS4210/VXIS_Extern_Define.h"
 863              		.file 9 "c:\\program files (x86)\\gnu tools arm embedded\\9 2019-q4-major\\arm-none-eabi\\include\
 864              		.file 10 "sw_i2c/VX_swi2c.h"
 865              		.file 11 "VS4210/VS4210.h"
 866              		.file 12 "Drivers/CMSIS/Include/core_cm3.h"
 867              		.file 13 "Drivers/CMSIS/Device/ST/STM32F1xx/Include/system_stm32f1xx.h"
 868              		.file 14 "Drivers/STM32F1xx_HAL_Driver/Inc/stm32f1xx_hal.h"
 869              		.file 15 "VS4210/etc_eep.h"
 870              		.file 16 "VS4210/printf.h"
 871              		.file 17 "Inc/main.h"
 872              		.file 18 "TP2824/tpinc/TP2802.h"
 873              		.file 19 "VS4210/keyremo.h"
ARM GAS  C:\Users\ryanc.HS\AppData\Local\Temp\ccAlGJZa.s 			page 25


DEFINED SYMBOLS
                            *ABS*:00000000 etc_eep.c
C:\Users\ryanc.HS\AppData\Local\Temp\ccAlGJZa.s:16     .text.GetFWRevEE:00000000 $t
C:\Users\ryanc.HS\AppData\Local\Temp\ccAlGJZa.s:24     .text.GetFWRevEE:00000000 GetFWRevEE
C:\Users\ryanc.HS\AppData\Local\Temp\ccAlGJZa.s:113    .text.SaveFWRevEE:00000000 $t
C:\Users\ryanc.HS\AppData\Local\Temp\ccAlGJZa.s:120    .text.SaveFWRevEE:00000000 SaveFWRevEE
C:\Users\ryanc.HS\AppData\Local\Temp\ccAlGJZa.s:173    .text.GetDebugLevelEE:00000000 $t
C:\Users\ryanc.HS\AppData\Local\Temp\ccAlGJZa.s:180    .text.GetDebugLevelEE:00000000 GetDebugLevelEE
C:\Users\ryanc.HS\AppData\Local\Temp\ccAlGJZa.s:202    .rodata.ResetOSDValue.str1.4:00000000 $d
C:\Users\ryanc.HS\AppData\Local\Temp\ccAlGJZa.s:209    .text.ResetOSDValue:00000000 $t
C:\Users\ryanc.HS\AppData\Local\Temp\ccAlGJZa.s:216    .text.ResetOSDValue:00000000 ResetOSDValue
C:\Users\ryanc.HS\AppData\Local\Temp\ccAlGJZa.s:651    .text.ResetOSDValue:00000260 $d
C:\Users\ryanc.HS\AppData\Local\Temp\ccAlGJZa.s:674    .rodata.ClearBasicEE.str1.4:00000000 $d
C:\Users\ryanc.HS\AppData\Local\Temp\ccAlGJZa.s:678    .text.ClearBasicEE:00000000 $t
C:\Users\ryanc.HS\AppData\Local\Temp\ccAlGJZa.s:685    .text.ClearBasicEE:00000000 ClearBasicEE
C:\Users\ryanc.HS\AppData\Local\Temp\ccAlGJZa.s:718    .text.ClearBasicEE:0000001c $d
C:\Users\ryanc.HS\AppData\Local\Temp\ccAlGJZa.s:724    .text.GetAudioVolEE:00000000 $t
C:\Users\ryanc.HS\AppData\Local\Temp\ccAlGJZa.s:731    .text.GetAudioVolEE:00000000 GetAudioVolEE
C:\Users\ryanc.HS\AppData\Local\Temp\ccAlGJZa.s:753    .text.SetAudioVolEE:00000000 $t
C:\Users\ryanc.HS\AppData\Local\Temp\ccAlGJZa.s:760    .text.SetAudioVolEE:00000000 SetAudioVolEE
C:\Users\ryanc.HS\AppData\Local\Temp\ccAlGJZa.s:786    .text.GetPCAudioVolEE:00000000 $t
C:\Users\ryanc.HS\AppData\Local\Temp\ccAlGJZa.s:793    .text.GetPCAudioVolEE:00000000 GetPCAudioVolEE
C:\Users\ryanc.HS\AppData\Local\Temp\ccAlGJZa.s:815    .text.SetPCAudioVolEE:00000000 $t
C:\Users\ryanc.HS\AppData\Local\Temp\ccAlGJZa.s:822    .text.SetPCAudioVolEE:00000000 SetPCAudioVolEE
C:\Users\ryanc.HS\AppData\Local\Temp\ccAlGJZa.s:852    .bss.bytResetOSDValue:00000000 bytResetOSDValue
C:\Users\ryanc.HS\AppData\Local\Temp\ccAlGJZa.s:853    .bss.bytResetOSDValue:00000000 $d

UNDEFINED SYMBOLS
ReadEEP
WriteEEP
Printf
BackLightOFF
LoadEEPROM
CloseOSDMenu
LoadVideoData
GetBackLightLevel
user_pwm_setvalue
SetNowMode
MCUTimerActiveTimerEvent
SETChannelReset
CheckCAMDInputVideo
DayNightLevel
bytDistanceGaugePosition
bytDistanceGaugeWidth
bytGarbberLinerWidth
bytGarbberLinerPosition
MenuTouchSel
RUN_DIMMER
AudioVol
Priority
OSD_LOCKF
Flisheye_CAM
SEQFlag
NowModeState
SelectModeType
PreSelectModeType
REV_ERROR
ARM GAS  C:\Users\ryanc.HS\AppData\Local\Temp\ccAlGJZa.s 			page 26


