ARM GAS  C:\Users\ryanc.HS\AppData\Local\Temp\ccYquYIz.s 			page 1


   1              		.cpu cortex-m3
   2              		.eabi_attribute 20, 1
   3              		.eabi_attribute 21, 1
   4              		.eabi_attribute 23, 3
   5              		.eabi_attribute 24, 1
   6              		.eabi_attribute 25, 1
   7              		.eabi_attribute 26, 1
   8              		.eabi_attribute 30, 1
   9              		.eabi_attribute 34, 1
  10              		.eabi_attribute 18, 4
  11              		.file	"exosd.c"
  12              		.text
  13              	.Ltext0:
  14              		.cfi_sections	.debug_frame
  15              		.global	UserDefineFont1
  16              		.section	.rodata.UserDefineFont1,"a"
  17              		.align	2
  20              	UserDefineFont1:
  21 0000 001F003F 		.ascii	"\000\037\000?\000s\000\343\001\303\003\203\377\003\376"
  21      007300E3 
  21      01C30383 
  21      FF03FE
  22 000f 03C603C6 		.ascii	"\003\306\003\306\003\306\003\306\003\376\003\377\003"
  22      03C603C6 
  22      03FE03FF 
  22      03
  23 001c 038301C3 		.ascii	"\003\203\001\303\000\343\000s\000?\000\037\006\000\007"
  23      00E30073 
  23      003F001F 
  23      060007
  24 002b 00078007 		.ascii	"\000\007\200\007\300\007\340\007\360\377\370\377\374"
  24      C007E007 
  24      F0FFF8FF 
  24      FC
  25 0038 FFFEFFFF 		.ascii	"\377\376\377\377\377\377\377\376\377\374\377\370\007"
  25      FFFFFFFE 
  25      FFFCFFF8 
  25      07
  26 0045 F007E007 		.ascii	"\360\007\340\007\300\007\200\007\000\006\000\000`\000"
  26      C0078007 
  26      00060000 
  26      6000
  27 0053 E001E003 		.ascii	"\340\001\340\003\340\007\340\017\340\037\377?\377\177"
  27      E007E00F 
  27      E01FFF3F 
  27      FF7F
  28 0061 FFFFFFFF 		.ascii	"\377\377\377\377\377\177\377?\377\037\377\017\340\007"
  28      FF7FFF3F 
  28      FF1FFF0F 
  28      E007
  29 006f E003E001 		.ascii	"\340\003\340\001\340\000\340\000`\000\000\017\360\017"
  29      E000E000 
  29      6000000F 
  29      F00F
  30 007d F00FF00F 		.ascii	"\360\017\360\017\360\017\360\017\360\017\360\017\360"
  30      F00FF00F 
  30      F00FF00F 
ARM GAS  C:\Users\ryanc.HS\AppData\Local\Temp\ccYquYIz.s 			page 2


  30      F0
  31 008a 0FF0FFFF 		.ascii	"\017\360\377\377\377\377\177\376?\374\037\370\017\360"
  31      FFFF7FFE 
  31      3FFC1FF8 
  31      0FF0
  32 0098 07E003C0 		.ascii	"\007\340\003\300\001\200\000\000\000<\000|\000|\000"
  32      01800000 
  32      003C007C 
  32      007C00
  33 00a7 7C007800 		.ascii	"|\000x\000\370\000\370\000\370\000\360\001\360\001\360"
  33      F800F800 
  33      F800F001 
  33      F001F0
  34 00b6 01F001E0 		.ascii	"\001\360\001\340\003\340\003\340\003\340\003\377\007"
  34      03E003E0 
  34      03E003FF 
  34      07
  35 00c3 FF07FF07 		.ascii	"\377\007\377\007\377\007\200\017\200\017\200\017\200"
  35      FF07800F 
  35      800F800F 
  35      80
  36 00d0 0F001F00 		.ascii	"\017\000\037\000\037\000\037\000\036\000>\000>\000>"
  36      1F001F00 
  36      1E003E00 
  36      3E003E
  37 00df 003C007C 		.ascii	"\000<\000|\000|\000|\000x\000\370\000\370\000\370\000"
  37      007C007C 
  37      007800F8 
  37      00F800F8 
  37      00
  38 00f0 00010001 		.ascii	"\000\001\000\001\000\001\000\003\000\003\000\003\000"
  38      00010003 
  38      00030003 
  38      00
  39 00fd 07000700 		.ascii	"\007\000\007\000\007\000\007\000\017\000\017\000\017"
  39      07000700 
  39      0F000F00 
  39      0F
  40 010a 001F001F 		.ascii	"\000\037\000\037\000\037\000\037\000?\000?\000?\360"
  40      001F001F 
  40      003F003F 
  40      003FF0
  41 0119 00F000E0 		.ascii	"\000\360\000\340\000\340\000\300\000\300\000\300\000"
  41      00E000C0 
  41      00C000C0 
  41      00
  42 0126 C000C000 		.ascii	"\300\000\300\000\200\000\200\000\200\000\200\000\000"
  42      80008000 
  42      80008000 
  42      00
  43 0133 00000000 		.ascii	"\000\000\000\000\000\377\377\377\377\377\377\377\377"
  43      00FFFFFF 
  43      FFFFFFFF 
  43      FF
  44 0140 003C007C 		.ascii	"\000<\000|\000|\000|\000x\000\370\000\370\000\370\000"
  44      007C007C 
  44      007800F8 
ARM GAS  C:\Users\ryanc.HS\AppData\Local\Temp\ccYquYIz.s 			page 3


  44      00F800F8 
  44      00
  45 0151 F001F001 		.ascii	"\360\001\360\001\360\001\360\001\340\003\340\003\340"
  45      F001F001 
  45      E003E003 
  45      E0
  46 015e 03E007C0 		.ascii	"\003\340\007\300\007\300\007\300\007\300\017\200\017"
  46      07C007C0 
  46      07C00F80 
  46      0F
  47 016b 800F800F 		.ascii	"\200\017\200\017\000\037\000\037\000\037\000\036\000"
  47      001F001F 
  47      001F001E 
  47      00
  48 0178 3E003E00 		.ascii	">\000>\000>\000<\000|\000|\000|\000x\000\370\000\370"
  48      3E003C00 
  48      7C007C00 
  48      7C007800 
  48      F800F8
  49 018b 00F800F0 		.ascii	"\000\370\000\360\000\000\001\000\001\000\001\000\003"
  49      00000100 
  49      01000100 
  49      03
  50 0198 00030003 		.ascii	"\000\003\000\003\000\003\000\007\000\007\000\007\000"
  50      00030007 
  50      00070007 
  50      00
  51 01a5 07000F00 		.ascii	"\007\000\017\000\017\000\017\000\017\000\037\000\037"
  51      0F000F00 
  51      0F001F00 
  51      1F
  52 01b2 001F003E 		.ascii	"\000\037\000>\000>\360\000\360\000\360\000\340\000\340"
  52      003EF000 
  52      F000F000 
  52      E000E0
  53 01c1 00E000E0 		.ascii	"\000\340\000\340\000\300\000\300\000\300\000\200\000"
  53      00C000C0 
  53      00C00080 
  53      00
  54 01ce 80008000 		.ascii	"\200\000\200\000\200\000\000\000\000\000\000\000\000"
  54      80000000 
  54      00000000 
  54      00
  55 01db 00000000 		.ascii	"\000\000\000\000\000\000>\000<\000|\000|\000|\000x\000"
  55      00003E00 
  55      3C007C00 
  55      7C007C00 
  55      7800
  56 01ed F800F800 		.ascii	"\370\000\370\000\370\000\360\001\360\001\360\001\377"
  56      F800F001 
  56      F001F001 
  56      FF
  57 01fa 03FF03FF 		.ascii	"\003\377\003\377\003\377\003\340\007\300\007\300\007"
  57      03FF03E0 
  57      07C007C0 
  57      07
  58 0207 C007800F 		.ascii	"\300\007\200\017\200\017\200\017\200\017\000\037\000"
ARM GAS  C:\Users\ryanc.HS\AppData\Local\Temp\ccYquYIz.s 			page 4


  58      800F800F 
  58      800F001F 
  58      00
  59 0214 1F001F00 		.ascii	"\037\000\037\000\036\000>\000>\000>\000<\000|\000|\000"
  59      1E003E00 
  59      3E003E00 
  59      3C007C00 
  59      7C00
  60 0226 7C007800 		.ascii	"|\000x\000\370\000\370\000\370\000<\000>\000>\000>\000"
  60      F800F800 
  60      F8003C00 
  60      3E003E00 
  60      3E00
  61 0238 1E001F00 		.ascii	"\036\000\037\000\037\000\037\000\017\000\017\200\017"
  61      1F001F00 
  61      0F000F80 
  61      0F
  62 0245 800F8007 		.ascii	"\200\017\200\007\200\007\300\007\300\007\300\377\300"
  62      8007C007 
  62      C007C0FF 
  62      C0
  63 0252 FFE0FFE0 		.ascii	"\377\340\377\340\377\340\001\340\001\360\001\360\001"
  63      FFE001E0 
  63      01F001F0 
  63      01
  64 025f F000F000 		.ascii	"\360\000\360\000\370\000\370\000\370\000x\000|\000|"
  64      F800F800 
  64      F8007800 
  64      7C007C
  65 026e 007C003C 		.ascii	"\000|\000<\000>\000>\000>\000\036\000\037\000\037\000"
  65      003E003E 
  65      003E001E 
  65      001F001F 
  65      00
  66 027f 1F000F00 		.ascii	"\037\000\017\000\017\000\007\000\007\000\003\000\003"
  66      0F000700 
  66      07000300 
  66      03
  67 028c 00030003 		.ascii	"\000\003\000\003\000\003\000\001\000\001\000\001\000"
  67      00030001 
  67      00010001 
  67      00
  68 0299 01000000 		.ascii	"\001\000\000\000\000\000\000\377\377\377\377\377\377"
  68      000000FF 
  68      FFFFFFFF 
  68      FF
  69 02a6 FFFF8000 		.ascii	"\377\377\200\000\200\000\200\000\300\000\300\000\300"
  69      80008000 
  69      C000C000 
  69      C0
  70 02b3 00E000E0 		.ascii	"\000\340\000\340\000\340\000\340\000\360\000\360\000"
  70      00E000E0 
  70      00F000F0 
  70      00
  71 02c0 F000F800 		.ascii	"\360\000\370\000\370\000\370\000\370\000\374\000\374"
  71      F800F800 
  71      F800FC00 
ARM GAS  C:\Users\ryanc.HS\AppData\Local\Temp\ccYquYIz.s 			page 5


  71      FC
  72 02cd 00FC003C 		.ascii	"\000\374\000<\000>\000>\000>\000\036\000\037\000\037"
  72      003E003E 
  72      003E001E 
  72      001F001F 
  73 02dd 001F000F 		.ascii	"\000\037\000\017\000\017\200\017\200\017\200\007\200"
  73      000F800F 
  73      800F8007 
  73      80
  74 02ea 07C007C0 		.ascii	"\007\300\007\300\007\300\003\340\003\340\003\340\003"
  74      07C003E0 
  74      03E003E0 
  74      03
  75 02f7 E001F001 		.ascii	"\340\001\360\001\360\001\360\000\360\000\370\000\370"
  75      F001F000 
  75      F000F800 
  75      F8
  76 0304 00F80078 		.ascii	"\000\370\000x\000|\000|\000|\000<\000>\000>\000>\000"
  76      007C007C 
  76      007C003C 
  76      003E003E 
  76      003E00
  77 0317 1E001F00 		.ascii	"\036\000\037\000\037\000\037\000\017\000\017\000\017"
  77      1F001F00 
  77      0F000F00 
  77      0F
  78 0324 000F0007 		.ascii	"\000\017\000\007\000\007\000\007\000\007\000\003\000"
  78      00070007 
  78      00070003 
  78      00
  79 0331 03000300 		.ascii	"\003\000\003\000\001\000\001\000\001\000\001\000\000"
  79      01000100 
  79      01000100 
  79      00
  80 033e 00000000 		.ascii	"\000\000\000\000\000\000\000\000\000\000\200\000\200"
  80      00000000 
  80      00008000 
  80      80
  81 034b 008000C0 		.ascii	"\000\200\000\300\000\300\000\300\000\300\000\340\000"
  81      00C000C0 
  81      00C000E0 
  81      00
  82 0358 E000E000 		.ascii	"\340\000\340\000\340\000\360\000\360\000\360\000\360"
  82      E000F000 
  82      F000F000 
  82      F0
  83 0365 00F800F8 		.ascii	"\000\370\000\370\000\370\000|\000|\000|\000<\000>\000"
  83      00F8007C 
  83      007C007C 
  83      003C003E 
  83      00
  84 0376 3E003E00 		.ascii	">\000>\000\036\000\037\000\037\000\037\000\017\000\017"
  84      1E001F00 
  84      1F001F00 
  84      0F000F
  85 0385 800F80FF 		.ascii	"\200\017\200\377\200\377\300\377\300\377\300\007\300"
  85      80FFC0FF 
ARM GAS  C:\Users\ryanc.HS\AppData\Local\Temp\ccYquYIz.s 			page 6


  85      C0FFC007 
  85      C0
  86 0392 03E003E0 		.ascii	"\003\340\003\340\003\340\001\340\001\360\001\360\001"
  86      03E001E0 
  86      01F001F0 
  86      01
  87 039f F000F000 		.ascii	"\360\000\360\000\370\000\370\000\370\000x\000|\000|"
  87      F800F800 
  87      F8007800 
  87      7C007C
  88 03ae 007C003C 		.ascii	"\000|\000<\000>\000>\000>\000\036\000\037\000\037\000"
  88      003E003E 
  88      003E001E 
  88      001F001F 
  88      00
  89 03bf 1F000000 		.ascii	"\037\000\000\000\000\000\000\000\000\000\000\000\000"
  89      00000000 
  89      00000000 
  89      00
  90 03cc 00000000 		.ascii	"\000\000\000\000\000\000\000\000\000\000\000\000\000"
  90      00000000 
  90      00000000 
  90      00
  91 03d9 00000000 		.ascii	"\000\000\000\000\000\000\000\377\377\377\377\377\377"
  91      000000FF 
  91      FFFFFFFF 
  91      FF
  92 03e6 FFFF0000 		.ascii	"\377\377\000\000\000\000\000\000\000\000\000\000\000"
  92      00000000 
  92      00000000 
  92      00
  93 03f3 00000000 		.ascii	"\000\000\000\000\0003\0033\003\363\317\363\3173\377"
  93      00330333 
  93      03F3CFF3 
  93      CF33FF
  94 0402 33FF33FF 		.ascii	"3\3773\377333333{\003{\003\000\000\0008\000x\000\370"
  94      33333333 
  94      33337B03 
  94      7B030000 
  94      00380078 
  95 0418 01F803B8 		.ascii	"\001\370\003\270?8686868686868?8\003\270\001\370\000"
  95      3F383638 
  95      36383638 
  95      36383638 
  95      36383F38 
  96 0431 F8007800 		.ascii	"\370\000x\0008\000\000\000\000\000\000\000\000\000\000"
  96      38000000 
  96      00000000 
  96      000000
  97 0440 00000000 		.ascii	"\000\000\000\000\000\000\000\000\000\000\000\000\000"
  97      00000000 
  97      00000000 
  97      00
  98 044d 000000FF 		.ascii	"\000\000\000\377\377\377\377\377\377\377\377\000\000"
  98      FFFFFFFF 
  98      FFFFFF00 
  98      00
ARM GAS  C:\Users\ryanc.HS\AppData\Local\Temp\ccYquYIz.s 			page 7


  99 045a 00000000 		.ascii	"\000\000\000\000\000\000\000<\000|\000|\000|\000x\000"
  99      0000003C 
  99      007C007C 
  99      007C0078 
  99      00
 100 046b F800F800 		.ascii	"\370\000\370\000\370\000\360\001\360\001\360\001\360"
 100      F800F001 
 100      F001F001 
 100      F0
 101 0478 01E003E0 		.ascii	"\001\340\003\340\003\340\003\340\003\300\007\300\007"
 101      03E003E0 
 101      03C007C0 
 101      07
 102 0485 C007C0F0 		.ascii	"\300\007\300\360\000\360\000\340\000\340\000\300\000"
 102      00F000E0 
 102      00E000C0 
 102      00
 103 0492 C000C000 		.ascii	"\300\000\300\000\300\000\300\000\200\000\200\000\200"
 103      C000C000 
 103      80008000 
 103      80
 104 049f 00800000 		.ascii	"\000\200\000\000\000\000\000\000\000\000\000\000\000"
 104      00000000 
 104      00000000 
 104      00
 105 04ac 00000000 		.ascii	"\000\000\000\000\000>\000<\000|\000|\000|\000x\000\370"
 105      003E003C 
 105      007C007C 
 105      007C0078 
 105      00F8
 106 04be 00F800F8 		.ascii	"\000\370\000\370\000\360\001\360\001\360\001\340\003"
 106      00F001F0 
 106      01F001E0 
 106      03
 107 04cb E003E003 		.ascii	"\340\003\340\003\340\003\340\007\300\007\300\007\300"
 107      E003E007 
 107      C007C007 
 107      C0
 108 04d8 3C003E00 		.ascii	"<\000>\000>\000>\000\036\000\037\000\037\000\037\000"
 108      3E003E00 
 108      1E001F00 
 108      1F001F00 
 109 04e8 0F000F80 		.ascii	"\017\000\017\200\017\200\017\200\007\200\007\300\007"
 109      0F800F80 
 109      078007C0 
 109      07
 110 04f5 C007C003 		.ascii	"\300\007\300\003\300\003\340\003\340\003\340\000\017"
 110      C003E003 
 110      E003E000 
 110      0F
 111 0502 000F0007 		.ascii	"\000\017\000\007\000\007\000\003\000\003\000\003\000"
 111      00070003 
 111      00030003 
 111      00
 112 050f 03000300 		.ascii	"\003\000\003\000\001\000\001\000\001\000\001\000\000"
 112      01000100 
 112      01000100 
ARM GAS  C:\Users\ryanc.HS\AppData\Local\Temp\ccYquYIz.s 			page 8


 112      00
 113 051c 00000000 		.ascii	"\000\000\000\000\000\000\000\000\000\000\000\000|\000"
 113      00000000 
 113      00000000 
 113      7C00
 114 052a 3C003E00 		.ascii	"<\000>\000>\000>\000\036\000\037\000\037\000\037\000"
 114      3E003E00 
 114      1E001F00 
 114      1F001F00 
 115 053a 0F000F80 		.ascii	"\017\000\017\200\017\200\007\200\007\300\007\300\007"
 115      0F800780 
 115      07C007C0 
 115      07
 116 0547 C007C003 		.ascii	"\300\007\300\003\340\003\340\003\340\003\300\003\300"
 116      E003E003 
 116      E003C003 
 116      C0
 117 0554 03C003C0 		.ascii	"\003\300\003\300\003\300\003\300\003\300\003\300\003"
 117      03C003C0 
 117      03C003C0 
 117      03
 118 0561 C003C003 		.ascii	"\300\003\300\003\300\003\300\003\300\003\300\003\300"
 118      C003C003 
 118      C003C003 
 118      C0
 119 056e 03C003C0 		.ascii	"\003\300\003\300\003\300\003\300\003\300\200\000\200"
 119      03C003C0 
 119      03C08000 
 119      80
 120 057b 008000C0 		.ascii	"\000\200\000\300\000\300\000\300\000\340\000\340\000"
 120      00C000C0 
 120      00E000E0 
 120      00
 121 0588 E000E000 		.ascii	"\340\000\340\000\360\000\360\000\360\000\370\000\370"
 121      F000F000 
 121      F000F800 
 121      F8
 122 0595 00F800F8 		.ascii	"\000\370\000\370\000|\000|\000|\000\000\001\000\001"
 122      007C007C 
 122      007C0000 
 122      010001
 123 05a4 00010003 		.ascii	"\000\001\000\003\000\003\000\003\000\007\000\007\000"
 123      00030003 
 123      00070007 
 123      00
 124 05b1 07000700 		.ascii	"\007\000\007\000\017\000\017\000\017\000\037\000\037"
 124      0F000F00 
 124      0F001F00 
 124      1F
 125 05be 001F001F 		.ascii	"\000\037\000\037\000>\000>\000>"
 125      003E003E 
 125      003E
 126              		.text
 127              	.Letext0:
 128              		.file 1 "c:\\program files (x86)\\gnu tools arm embedded\\9 2019-q4-major\\arm-none-eabi\\include\
 129              		.file 2 "c:\\program files (x86)\\gnu tools arm embedded\\9 2019-q4-major\\arm-none-eabi\\include\
 130              		.file 3 "Drivers/CMSIS/Include/core_cm3.h"
ARM GAS  C:\Users\ryanc.HS\AppData\Local\Temp\ccYquYIz.s 			page 9


 131              		.file 4 "Drivers/CMSIS/Device/ST/STM32F1xx/Include/system_stm32f1xx.h"
 132              		.file 5 "Drivers/STM32F1xx_HAL_Driver/Inc/stm32f1xx_hal.h"
 133              		.file 6 "c:\\program files (x86)\\gnu tools arm embedded\\9 2019-q4-major\\arm-none-eabi\\include\
 134              		.file 7 "c:\\program files (x86)\\gnu tools arm embedded\\9 2019-q4-major\\arm-none-eabi\\include\
 135              		.file 8 "c:\\program files (x86)\\gnu tools arm embedded\\9 2019-q4-major\\lib\\gcc\\arm-none-eabi
 136              		.file 9 "c:\\program files (x86)\\gnu tools arm embedded\\9 2019-q4-major\\arm-none-eabi\\include\
 137              		.file 10 "VS4210/VXIS_Extern_Define.h"
 138              		.file 11 "VS4210/exosd.c"
ARM GAS  C:\Users\ryanc.HS\AppData\Local\Temp\ccYquYIz.s 			page 10


DEFINED SYMBOLS
                            *ABS*:00000000 exosd.c
C:\Users\ryanc.HS\AppData\Local\Temp\ccYquYIz.s:20     .rodata.UserDefineFont1:00000000 UserDefineFont1
C:\Users\ryanc.HS\AppData\Local\Temp\ccYquYIz.s:17     .rodata.UserDefineFont1:00000000 $d

NO UNDEFINED SYMBOLS
